{"timestamp":"2026-01-18T16:12:14.319310Z","level":"info","event":"DAG bundles loaded: dags-folder, example_dags","logger":"airflow.dag_processing.bundles.manager.DagBundlesManager","filename":"manager.py","lineno":179}
{"timestamp":"2026-01-18T16:12:14.320151Z","level":"info","event":"Filling up the DagBag from /opt/airflow/dags/STG_GOOGLE_TRENDS.py","logger":"airflow.models.dagbag.DagBag","filename":"dagbag.py","lineno":593}
{"timestamp":"2026-01-18T16:12:14.330402Z","level":"warning","event":"The `airflow.operators.bash.BashOperator` attribute is deprecated. Please use `'airflow.providers.standard.operators.bash.BashOperator'`.","category":"DeprecatedImportWarning","filename":"/opt/airflow/dags/STG_GOOGLE_TRENDS.py","lineno":3,"logger":"py.warnings"}
{"timestamp":"2026-01-18T16:12:14.345946Z","level":"info","event":"Task instance is in running state","logger":"task.stdout"}
{"timestamp":"2026-01-18T16:12:14.346242Z","level":"info","event":" Previous state of the Task instance: TaskInstanceState.QUEUED","logger":"task.stdout"}
{"timestamp":"2026-01-18T16:12:14.346430Z","level":"info","event":"Current task name:run_google_trends_pipeline","logger":"task.stdout"}
{"timestamp":"2026-01-18T16:12:14.346618Z","level":"info","event":"Dag name:google_trends_pipeline","logger":"task.stdout"}
{"timestamp":"2026-01-18T16:12:14.346631Z","level":"info","event":"Tmp dir root location: /tmp","logger":"airflow.task.hooks.airflow.providers.standard.hooks.subprocess.SubprocessHook","filename":"subprocess.py","lineno":78}
{"timestamp":"2026-01-18T16:12:14.347639Z","level":"info","event":"Running command: ['/usr/bin/bash', '-c', 'source /opt/airflow/project/task_venv/bin/activate && python /opt/airflow/project/STG/STG_GOOGLE_TRENDS/STG_GOOGLE_TRENDS.py']","logger":"airflow.task.hooks.airflow.providers.standard.hooks.subprocess.SubprocessHook","filename":"subprocess.py","lineno":80}
{"timestamp":"2026-01-18T16:12:14.348319Z","level":"info","event":"Output:","logger":"airflow.task.hooks.airflow.providers.standard.hooks.subprocess.SubprocessHook","filename":"subprocess.py","lineno":92}
{"timestamp":"2026-01-18T16:12:17.255825Z","level":"info","event":"[2026-01-18 16:12:17,255] INFO [project_files.functions:458] STARTED:/opt/airflow/project/STG/STG_GOOGLE_TRENDS/STG_GOOGLE_TRENDS.py","logger":"airflow.task.hooks.airflow.providers.standard.hooks.subprocess.SubprocessHook","filename":"subprocess.py","lineno":99}
{"timestamp":"2026-01-18T16:12:17.282985Z","level":"info","event":"[2026-01-18 16:12:17,282] INFO [project_files.functions:320] STARTED:/opt/airflow/project/STG/STG_GOOGLE_TRENDS/sql/start_job_run.sql","logger":"airflow.task.hooks.airflow.providers.standard.hooks.subprocess.SubprocessHook","filename":"subprocess.py","lineno":99}
{"timestamp":"2026-01-18T16:12:17.285319Z","level":"info","event":"[2026-01-18 16:12:17,285] INFO [project_files.functions:324] COMPLETED:/opt/airflow/project/STG/STG_GOOGLE_TRENDS/sql/start_job_run.sql","logger":"airflow.task.hooks.airflow.providers.standard.hooks.subprocess.SubprocessHook","filename":"subprocess.py","lineno":99}
{"timestamp":"2026-01-18T16:12:17.285668Z","level":"info","event":"[2026-01-18 16:12:17,285] INFO [google_trends_functions:117] STARTED parse_downloaded_files function","logger":"airflow.task.hooks.airflow.providers.standard.hooks.subprocess.SubprocessHook","filename":"subprocess.py","lineno":99}
{"timestamp":"2026-01-18T16:12:17.291030Z","level":"info","event":"[2026-01-18 16:12:17,290] INFO [google_trends_functions:139] Files matching search pattern: ['/opt/airflow/project/files/downloaded_files/google_trends/google_trends_20260117102117.json']","logger":"airflow.task.hooks.airflow.providers.standard.hooks.subprocess.SubprocessHook","filename":"subprocess.py","lineno":99}
{"timestamp":"2026-01-18T16:12:17.317349Z","level":"info","event":"[2026-01-18 16:12:17,317] INFO [google_trends_functions:151] PARSING FILE: /opt/airflow/project/files/downloaded_files/google_trends/google_trends_20260117102117.json","logger":"airflow.task.hooks.airflow.providers.standard.hooks.subprocess.SubprocessHook","filename":"subprocess.py","lineno":99}
{"timestamp":"2026-01-18T16:12:17.490630Z","level":"info","event":"[2026-01-18 16:12:17,490] INFO [google_trends_functions:158] COMPLETED parse_downloaded_files function","logger":"airflow.task.hooks.airflow.providers.standard.hooks.subprocess.SubprocessHook","filename":"subprocess.py","lineno":99}
{"timestamp":"2026-01-18T16:12:17.490810Z","level":"info","event":"[2026-01-18 16:12:17,490] INFO [project_files.functions:475] TRUNCATING TABLE google_trends_temp.trends_search_temp","logger":"airflow.task.hooks.airflow.providers.standard.hooks.subprocess.SubprocessHook","filename":"subprocess.py","lineno":99}
{"timestamp":"2026-01-18T16:12:17.948192Z","level":"info","event":"[2026-01-18 16:12:17,947] INFO [project_files.functions:422] Loaded 181 rows into google_trends_temp.trends_search_temp","logger":"airflow.task.hooks.airflow.providers.standard.hooks.subprocess.SubprocessHook","filename":"subprocess.py","lineno":99}
{"timestamp":"2026-01-18T16:12:17.948414Z","level":"info","event":"[2026-01-18 16:12:17,948] INFO [project_files.functions:475] TRUNCATING TABLE google_trends_temp.trends_search__values_temp","logger":"airflow.task.hooks.airflow.providers.standard.hooks.subprocess.SubprocessHook","filename":"subprocess.py","lineno":99}
{"timestamp":"2026-01-18T16:12:18.032505Z","level":"info","event":"[2026-01-18 16:12:18,032] INFO [project_files.functions:422] Loaded 724 rows into google_trends_temp.trends_search__values_temp","logger":"airflow.task.hooks.airflow.providers.standard.hooks.subprocess.SubprocessHook","filename":"subprocess.py","lineno":99}
{"timestamp":"2026-01-18T16:12:18.063720Z","level":"info","event":"[2026-01-18 16:12:18,063] INFO [project_files.functions:352] /opt/airflow/project/STG/STG_GOOGLE_TRENDS/sql/validation_trends_search_temp.sql VERIFICATION PASSED","logger":"airflow.task.hooks.airflow.providers.standard.hooks.subprocess.SubprocessHook","filename":"subprocess.py","lineno":99}
{"timestamp":"2026-01-18T16:12:18.093893Z","level":"info","event":"[2026-01-18 16:12:18,093] INFO [project_files.functions:352] /opt/airflow/project/STG/STG_GOOGLE_TRENDS/sql/validation_trends_search__values_temp.sql VERIFICATION PASSED","logger":"airflow.task.hooks.airflow.providers.standard.hooks.subprocess.SubprocessHook","filename":"subprocess.py","lineno":99}
{"timestamp":"2026-01-18T16:12:18.119561Z","level":"info","event":"[2026-01-18 16:12:18,119] INFO [project_files.functions:320] STARTED:/opt/airflow/project/STG/STG_GOOGLE_TRENDS/sql/trends_search_insert_to_main.sql","logger":"airflow.task.hooks.airflow.providers.standard.hooks.subprocess.SubprocessHook","filename":"subprocess.py","lineno":99}
{"timestamp":"2026-01-18T16:12:18.124296Z","level":"info","event":"[2026-01-18 16:12:18,124] INFO [project_files.functions:324] COMPLETED:/opt/airflow/project/STG/STG_GOOGLE_TRENDS/sql/trends_search_insert_to_main.sql","logger":"airflow.task.hooks.airflow.providers.standard.hooks.subprocess.SubprocessHook","filename":"subprocess.py","lineno":99}
{"timestamp":"2026-01-18T16:12:18.150059Z","level":"info","event":"[2026-01-18 16:12:18,149] INFO [project_files.functions:320] STARTED:/opt/airflow/project/STG/STG_GOOGLE_TRENDS/sql/trends_search__values_insert_to_main.sql","logger":"airflow.task.hooks.airflow.providers.standard.hooks.subprocess.SubprocessHook","filename":"subprocess.py","lineno":99}
{"timestamp":"2026-01-18T16:12:18.156942Z","level":"info","event":"[2026-01-18 16:12:18,156] INFO [project_files.functions:324] COMPLETED:/opt/airflow/project/STG/STG_GOOGLE_TRENDS/sql/trends_search__values_insert_to_main.sql","logger":"airflow.task.hooks.airflow.providers.standard.hooks.subprocess.SubprocessHook","filename":"subprocess.py","lineno":99}
{"timestamp":"2026-01-18T16:12:18.157250Z","level":"info","event":"[2026-01-18 16:12:18,156] INFO [__main__:78] JOB_RUN_ID,19","logger":"airflow.task.hooks.airflow.providers.standard.hooks.subprocess.SubprocessHook","filename":"subprocess.py","lineno":99}
{"timestamp":"2026-01-18T16:12:18.183038Z","level":"info","event":"[2026-01-18 16:12:18,182] INFO [project_files.functions:320] STARTED:/opt/airflow/project/STG/STG_GOOGLE_TRENDS/sql/end_job_run.sql","logger":"airflow.task.hooks.airflow.providers.standard.hooks.subprocess.SubprocessHook","filename":"subprocess.py","lineno":99}
{"timestamp":"2026-01-18T16:12:18.185662Z","level":"info","event":"[2026-01-18 16:12:18,185] INFO [project_files.functions:324] COMPLETED:/opt/airflow/project/STG/STG_GOOGLE_TRENDS/sql/end_job_run.sql","logger":"airflow.task.hooks.airflow.providers.standard.hooks.subprocess.SubprocessHook","filename":"subprocess.py","lineno":99}
{"timestamp":"2026-01-18T16:12:18.185971Z","level":"info","event":"[2026-01-18 16:12:18,185] INFO [root:461] JOB COMPLETED","logger":"airflow.task.hooks.airflow.providers.standard.hooks.subprocess.SubprocessHook","filename":"subprocess.py","lineno":99}
{"timestamp":"2026-01-18T16:12:18.272806Z","level":"info","event":"Command exited with return code 0","logger":"airflow.task.hooks.airflow.providers.standard.hooks.subprocess.SubprocessHook","filename":"subprocess.py","lineno":103}
{"timestamp":"2026-01-18T16:12:18.273302Z","level":"info","event":"Pushing xcom","ti":"RuntimeTaskInstance(id=UUID('019bd1e0-dc35-79f8-a99f-10e3d19f2780'), task_id='run_google_trends_pipeline', dag_id='google_trends_pipeline', run_id='manual__2026-01-18T16:12:12+00:00', try_number=1, dag_version_id=UUID('019bd1d9-9ff3-7707-b56a-e18d8ffda48a'), map_index=-1, hostname='07e97bc31f99', context_carrier={}, task=<Task(BashOperator): run_google_trends_pipeline>, bundle_instance=LocalDagBundle(name=dags-folder), max_tries=1, start_date=datetime.datetime(2026, 1, 18, 16, 12, 14, 104796, tzinfo=datetime.timezone.utc), end_date=None, state=<TaskInstanceState.RUNNING: 'running'>, is_mapped=False, rendered_map_index=None)","logger":"task","filename":"task_runner.py","lineno":1450}
{"timestamp":"2026-01-18T16:12:18.292583Z","level":"info","event":"Task instance in success state","logger":"task.stdout"}
{"timestamp":"2026-01-18T16:12:18.292863Z","level":"info","event":" Previous state of the Task instance: TaskInstanceState.RUNNING","logger":"task.stdout"}
{"timestamp":"2026-01-18T16:12:18.293140Z","level":"info","event":"Task operator:<Task(BashOperator): run_google_trends_pipeline>","logger":"task.stdout"}
