{"timestamp":"2026-01-18T15:39:23.201091Z","level":"info","event":"DAG bundles loaded: dags-folder, example_dags","logger":"airflow.dag_processing.bundles.manager.DagBundlesManager","filename":"manager.py","lineno":179}
{"timestamp":"2026-01-18T15:39:23.201787Z","level":"info","event":"Filling up the DagBag from /opt/airflow/dags/STG_GOOGLE_TRENDS.py","logger":"airflow.models.dagbag.DagBag","filename":"dagbag.py","lineno":593}
{"timestamp":"2026-01-18T15:39:23.210843Z","level":"warning","event":"The `airflow.operators.bash.BashOperator` attribute is deprecated. Please use `'airflow.providers.standard.operators.bash.BashOperator'`.","category":"DeprecatedImportWarning","filename":"/opt/airflow/dags/STG_GOOGLE_TRENDS.py","lineno":3,"logger":"py.warnings"}
{"timestamp":"2026-01-18T15:39:23.229220Z","level":"info","event":"Task instance is in running state","logger":"task.stdout"}
{"timestamp":"2026-01-18T15:39:23.229453Z","level":"info","event":" Previous state of the Task instance: TaskInstanceState.QUEUED","logger":"task.stdout"}
{"timestamp":"2026-01-18T15:39:23.229702Z","level":"info","event":"Current task name:run_google_trends_pipeline","logger":"task.stdout"}
{"timestamp":"2026-01-18T15:39:23.229911Z","level":"info","event":"Dag name:google_trends_pipeline","logger":"task.stdout"}
{"timestamp":"2026-01-18T15:39:23.229773Z","level":"info","event":"Tmp dir root location: /tmp","logger":"airflow.task.hooks.airflow.providers.standard.hooks.subprocess.SubprocessHook","filename":"subprocess.py","lineno":78}
{"timestamp":"2026-01-18T15:39:23.230629Z","level":"info","event":"Running command: ['/usr/bin/bash', '-c', 'python /opt/airflow/project/STG/STG_GOOGLE_TRENDS/STG_GOOGLE_TRENDS.py']","logger":"airflow.task.hooks.airflow.providers.standard.hooks.subprocess.SubprocessHook","filename":"subprocess.py","lineno":80}
{"timestamp":"2026-01-18T15:39:23.231103Z","level":"info","event":"Output:","logger":"airflow.task.hooks.airflow.providers.standard.hooks.subprocess.SubprocessHook","filename":"subprocess.py","lineno":92}
{"timestamp":"2026-01-18T15:39:23.251816Z","level":"info","event":"Traceback (most recent call last):","logger":"airflow.task.hooks.airflow.providers.standard.hooks.subprocess.SubprocessHook","filename":"subprocess.py","lineno":99}
{"timestamp":"2026-01-18T15:39:23.251925Z","level":"info","event":"  File \"/opt/airflow/project/STG/STG_GOOGLE_TRENDS/STG_GOOGLE_TRENDS.py\", line 8, in <module>","logger":"airflow.task.hooks.airflow.providers.standard.hooks.subprocess.SubprocessHook","filename":"subprocess.py","lineno":99}
{"timestamp":"2026-01-18T15:39:23.253182Z","level":"info","event":"    import google_trends_functions","logger":"airflow.task.hooks.airflow.providers.standard.hooks.subprocess.SubprocessHook","filename":"subprocess.py","lineno":99}
{"timestamp":"2026-01-18T15:39:23.253264Z","level":"info","event":"  File \"/opt/airflow/project/STG/STG_GOOGLE_TRENDS/google_trends_functions.py\", line 3, in <module>","logger":"airflow.task.hooks.airflow.providers.standard.hooks.subprocess.SubprocessHook","filename":"subprocess.py","lineno":99}
{"timestamp":"2026-01-18T15:39:23.254562Z","level":"info","event":"    import serpapi","logger":"airflow.task.hooks.airflow.providers.standard.hooks.subprocess.SubprocessHook","filename":"subprocess.py","lineno":99}
{"timestamp":"2026-01-18T15:39:23.254633Z","level":"info","event":"ModuleNotFoundError: No module named 'serpapi'","logger":"airflow.task.hooks.airflow.providers.standard.hooks.subprocess.SubprocessHook","filename":"subprocess.py","lineno":99}
{"timestamp":"2026-01-18T15:39:23.256589Z","level":"info","event":"Command exited with return code 1","logger":"airflow.task.hooks.airflow.providers.standard.hooks.subprocess.SubprocessHook","filename":"subprocess.py","lineno":103}
{"timestamp":"2026-01-18T15:39:23.256919Z","level":"error","event":"Task failed with exception","logger":"task","filename":"task_runner.py","lineno":1056,"error_detail":[{"exc_type":"AirflowException","exc_value":"Bash command failed. The command returned a non-zero exit code 1.","exc_notes":[],"syntax_error":null,"is_cause":false,"frames":[{"filename":"/home/airflow/.local/lib/python3.12/site-packages/airflow/sdk/execution_time/task_runner.py","lineno":1004,"name":"run"},{"filename":"/home/airflow/.local/lib/python3.12/site-packages/airflow/sdk/execution_time/task_runner.py","lineno":1405,"name":"_execute_task"},{"filename":"/home/airflow/.local/lib/python3.12/site-packages/airflow/sdk/bases/operator.py","lineno":417,"name":"wrapper"},{"filename":"/home/airflow/.local/lib/python3.12/site-packages/airflow/providers/standard/operators/bash.py","lineno":227,"name":"execute"}],"is_group":false,"exceptions":[]}]}
{"timestamp":"2026-01-18T15:39:23.257722Z","level":"info","event":"Task instance in failure state","logger":"task.stdout"}
{"timestamp":"2026-01-18T15:39:23.257926Z","level":"info","event":"Task start","logger":"task.stdout"}
{"timestamp":"2026-01-18T15:39:23.258120Z","level":"info","event":"Task:<Task(BashOperator): run_google_trends_pipeline>","logger":"task.stdout"}
{"timestamp":"2026-01-18T15:39:23.258302Z","level":"info","event":"Failure caused by Bash command failed. The command returned a non-zero exit code 1.","logger":"task.stdout"}
