{"timestamp":"2026-01-18T16:07:35.518388Z","level":"info","event":"DAG bundles loaded: dags-folder, example_dags","logger":"airflow.dag_processing.bundles.manager.DagBundlesManager","filename":"manager.py","lineno":179}
{"timestamp":"2026-01-18T16:07:35.519063Z","level":"info","event":"Filling up the DagBag from /opt/airflow/dags/STG_GOOGLE_TRENDS.py","logger":"airflow.models.dagbag.DagBag","filename":"dagbag.py","lineno":593}
{"timestamp":"2026-01-18T16:07:35.527765Z","level":"warning","event":"The `airflow.operators.bash.BashOperator` attribute is deprecated. Please use `'airflow.providers.standard.operators.bash.BashOperator'`.","category":"DeprecatedImportWarning","filename":"/opt/airflow/dags/STG_GOOGLE_TRENDS.py","lineno":3,"logger":"py.warnings"}
{"timestamp":"2026-01-18T16:07:35.540321Z","level":"info","event":"Task instance is in running state","logger":"task.stdout"}
{"timestamp":"2026-01-18T16:07:35.540565Z","level":"info","event":" Previous state of the Task instance: TaskInstanceState.QUEUED","logger":"task.stdout"}
{"timestamp":"2026-01-18T16:07:35.540816Z","level":"info","event":"Current task name:run_google_trends_pipeline","logger":"task.stdout"}
{"timestamp":"2026-01-18T16:07:35.541009Z","level":"info","event":"Dag name:google_trends_pipeline","logger":"task.stdout"}
{"timestamp":"2026-01-18T16:07:35.540839Z","level":"info","event":"Tmp dir root location: /tmp","logger":"airflow.task.hooks.airflow.providers.standard.hooks.subprocess.SubprocessHook","filename":"subprocess.py","lineno":78}
{"timestamp":"2026-01-18T16:07:35.541725Z","level":"info","event":"Running command: ['/usr/bin/bash', '-c', 'source /opt/airflow/project/task_venv/bin/activate && python /opt/airflow/project/STG/STG_GOOGLE_TRENDS/STG_GOOGLE_TRENDS.py']","logger":"airflow.task.hooks.airflow.providers.standard.hooks.subprocess.SubprocessHook","filename":"subprocess.py","lineno":80}
{"timestamp":"2026-01-18T16:07:35.542219Z","level":"info","event":"Output:","logger":"airflow.task.hooks.airflow.providers.standard.hooks.subprocess.SubprocessHook","filename":"subprocess.py","lineno":92}
{"timestamp":"2026-01-18T16:07:37.824760Z","level":"info","event":"Traceback (most recent call last):","logger":"airflow.task.hooks.airflow.providers.standard.hooks.subprocess.SubprocessHook","filename":"subprocess.py","lineno":99}
{"timestamp":"2026-01-18T16:07:37.824891Z","level":"info","event":"  File \"/opt/airflow/project/STG/STG_GOOGLE_TRENDS/STG_GOOGLE_TRENDS.py\", line 8, in <module>","logger":"airflow.task.hooks.airflow.providers.standard.hooks.subprocess.SubprocessHook","filename":"subprocess.py","lineno":99}
{"timestamp":"2026-01-18T16:07:37.827328Z","level":"info","event":"    import google_trends_functions","logger":"airflow.task.hooks.airflow.providers.standard.hooks.subprocess.SubprocessHook","filename":"subprocess.py","lineno":99}
{"timestamp":"2026-01-18T16:07:37.827470Z","level":"info","event":"  File \"/opt/airflow/project/STG/STG_GOOGLE_TRENDS/google_trends_functions.py\", line 36, in <module>","logger":"airflow.task.hooks.airflow.providers.standard.hooks.subprocess.SubprocessHook","filename":"subprocess.py","lineno":99}
{"timestamp":"2026-01-18T16:07:37.829590Z","level":"info","event":"    from project_files import functions,parsing_functions","logger":"airflow.task.hooks.airflow.providers.standard.hooks.subprocess.SubprocessHook","filename":"subprocess.py","lineno":99}
{"timestamp":"2026-01-18T16:07:37.829685Z","level":"info","event":"  File \"/opt/airflow/project/project_files/functions.py\", line 101, in <module>","logger":"airflow.task.hooks.airflow.providers.standard.hooks.subprocess.SubprocessHook","filename":"subprocess.py","lineno":99}
{"timestamp":"2026-01-18T16:07:37.831457Z","level":"info","event":"    config_dictionary = read_config_segment()","logger":"airflow.task.hooks.airflow.providers.standard.hooks.subprocess.SubprocessHook","filename":"subprocess.py","lineno":99}
{"timestamp":"2026-01-18T16:07:37.831536Z","level":"info","event":"                        ^^^^^^^^^^^^^^^^^^^^^","logger":"airflow.task.hooks.airflow.providers.standard.hooks.subprocess.SubprocessHook","filename":"subprocess.py","lineno":99}
{"timestamp":"2026-01-18T16:07:37.831577Z","level":"info","event":"  File \"/opt/airflow/project/project_files/functions.py\", line 98, in read_config_segment","logger":"airflow.task.hooks.airflow.providers.standard.hooks.subprocess.SubprocessHook","filename":"subprocess.py","lineno":99}
{"timestamp":"2026-01-18T16:07:37.833409Z","level":"info","event":"    configFilePath = get_config()","logger":"airflow.task.hooks.airflow.providers.standard.hooks.subprocess.SubprocessHook","filename":"subprocess.py","lineno":99}
{"timestamp":"2026-01-18T16:07:37.833485Z","level":"info","event":"                     ^^^^^^^^^^^^","logger":"airflow.task.hooks.airflow.providers.standard.hooks.subprocess.SubprocessHook","filename":"subprocess.py","lineno":99}
{"timestamp":"2026-01-18T16:07:37.833526Z","level":"info","event":"  File \"/opt/airflow/project/project_files/functions.py\", line 94, in get_config","logger":"airflow.task.hooks.airflow.providers.standard.hooks.subprocess.SubprocessHook","filename":"subprocess.py","lineno":99}
{"timestamp":"2026-01-18T16:07:37.835631Z","level":"info","event":"    raise ValueError(f\"Config File doesn't exist: {config_path}\")","logger":"airflow.task.hooks.airflow.providers.standard.hooks.subprocess.SubprocessHook","filename":"subprocess.py","lineno":99}
{"timestamp":"2026-01-18T16:07:37.835725Z","level":"info","event":"ValueError: Config File doesn't exist: /opt/airflow/project/google_trends_to_postgres/parameters/job_parameters.conf","logger":"airflow.task.hooks.airflow.providers.standard.hooks.subprocess.SubprocessHook","filename":"subprocess.py","lineno":99}
{"timestamp":"2026-01-18T16:07:37.949131Z","level":"info","event":"Command exited with return code 1","logger":"airflow.task.hooks.airflow.providers.standard.hooks.subprocess.SubprocessHook","filename":"subprocess.py","lineno":103}
{"timestamp":"2026-01-18T16:07:37.949532Z","level":"error","event":"Task failed with exception","logger":"task","filename":"task_runner.py","lineno":1056,"error_detail":[{"exc_type":"AirflowException","exc_value":"Bash command failed. The command returned a non-zero exit code 1.","exc_notes":[],"syntax_error":null,"is_cause":false,"frames":[{"filename":"/home/airflow/.local/lib/python3.12/site-packages/airflow/sdk/execution_time/task_runner.py","lineno":1004,"name":"run"},{"filename":"/home/airflow/.local/lib/python3.12/site-packages/airflow/sdk/execution_time/task_runner.py","lineno":1405,"name":"_execute_task"},{"filename":"/home/airflow/.local/lib/python3.12/site-packages/airflow/sdk/bases/operator.py","lineno":417,"name":"wrapper"},{"filename":"/home/airflow/.local/lib/python3.12/site-packages/airflow/providers/standard/operators/bash.py","lineno":227,"name":"execute"}],"is_group":false,"exceptions":[]}]}
{"timestamp":"2026-01-18T16:07:37.962516Z","level":"info","event":"Task instance in failure state","logger":"task.stdout"}
{"timestamp":"2026-01-18T16:07:37.962831Z","level":"info","event":"Task start","logger":"task.stdout"}
{"timestamp":"2026-01-18T16:07:37.963045Z","level":"info","event":"Task:<Task(BashOperator): run_google_trends_pipeline>","logger":"task.stdout"}
{"timestamp":"2026-01-18T16:07:37.963291Z","level":"info","event":"Failure caused by Bash command failed. The command returned a non-zero exit code 1.","logger":"task.stdout"}
