[2026-01-18 16:58:31,343] INFO [project_files.functions:458] STARTED:c:\Users\sersn\Documents\GitHub\google_trends_to_postgres\STG\STG_GOOGLE_TRENDS\STG_GOOGLE_TRENDS.py
[2026-01-18 16:58:31,366] INFO [project_files.functions:320] STARTED:c:\Users\sersn\Documents\GitHub\google_trends_to_postgres\STG\STG_GOOGLE_TRENDS\sql\start_job_run.sql
[2026-01-18 16:58:31,368] INFO [project_files.functions:324] COMPLETED:c:\Users\sersn\Documents\GitHub\google_trends_to_postgres\STG\STG_GOOGLE_TRENDS\sql\start_job_run.sql
[2026-01-18 16:58:31,368] INFO [google_trends_functions:117] STARTED parse_downloaded_files function
[2026-01-18 16:58:31,369] INFO [google_trends_functions:139] Files matching search pattern: ['C:\\Users\\sersn\\Documents\\GitHub\\google_trends_to_postgres\\files\\downloaded_files\\google_trends\\google_trends_20260117102117.json']
[2026-01-18 16:58:31,382] ERROR [google_trends_functions:171] JOB: STG_GOOGLE_TRENDS | STEP: validating schema | FILE: C:\Users\sersn\Documents\GitHub\google_trends_to_postgres\files\downloaded_files\google_trends\google_trends_20260117102117.json | ERROR: Unknown type 'test' for validator with schema:
    {'$schema': 'http://json-schema.org/schema#',
     'type': 'test',
     'items': {'type': 'object',
               'properties': {'date': {'type': 'string'},
                              'timestamp': {'type': 'string'},
                              'values': {'type': 'array',
                                         'items': {'type': 'object',
                                                   'properties': {'query': {'type': 'string'},
                                                                  'value': {'type': 'string'},
                                                                  'extracted_value': {'type': 'integer'}},
                                                   'required': ['extracted_value',
                                                                'query',
                                                                'value']}},
                              'partial_data': {'type': 'boolean'}},
               'required': ['date', 'timestamp', 'values']}}

While checking instance:
    [{'date': 'Jul 21, 2025',
      'timestamp': '1753056000',
      'values': [{'query': 'vpn', 'value': '82', 'extracted_value': 82},
                 {'query': 'antivirus',
                  'value': '17',
                  'extracted_value': 17},
                 {'query': 'ad blocker',
                  'value': '7',
                  'extracted_value': 7},
                 {'query': 'password manager',
                  'value': '21',
                  'extracted_value': 21}]},
     {'date': 'Jul 22, 2025',
      'timestamp': '1753142400',
      'values': [{'query': 'vpn', 'value': '75', 'extracted_value': 75},
                 {'query': 'antivirus',
                  'value': '14',
                  'extracted_value': 14},
                 {'query': 'ad blocker',
                  'value': '7',
                  'extracted_value': 7},
                 {'query': 'password manager',
                  'value': '20',
                  'extracted_value': 20}]},
     {'date': 'Jul 23, 2025',
      'timestamp': '1753228800',
      'values': [{'query': 'vpn', 'value': '77', 'extracted_value': 77},
                 {'query': 'antivirus',
                  'value': '14',
                  'extracted_value': 14},
                 {'query': 'ad blocker',
                  'value': '5',
                  'extracted_value': 5},
                 {'query': 'password manager',
                  'value': '20',
                  'extracted_value': 20}]},
     {'date': 'Jul 24, 2025',
      'timestamp': '1753315200',
      'values': [{'query': 'vpn', 'value': '73', 'extracted_value': 73},
                 {'query': 'antivirus',
                  'value': '14',
                  'extracted_value': 14},
                 {'query': 'ad blocker',
                  'value': '7',
                  'extracted_value': 7},
                 {'query': 'password manager',
                  'value': '20',
                  'extracted_value': 20}]},
     {'date': 'Jul 25, 2025',
      'timestamp': '1753401600',
      'values': [{'query': 'vpn', 'value': '75', 'extracted_value': 75},
                 {'query': 'antivirus',
                  'value': '13',
                  'extracted_value': 13},
                 {'query': 'ad blocker',
                  'value': '7',
                  'extracted_value': 7},
                 {'query': 'password manager',
                  'value': '20',
                  'extracted_value': 20}]},
     {'date': 'Jul 26, 2025',
      'timestamp': '1753488000',
      'values': [{'query': 'vpn', 'value': '73', 'extracted_value': 73},
                 {'query': 'antivirus',
                  'value': '16',
                  'extracted_value': 16},
                 {'query': 'ad blocker',
                  'value': '7',
                  'extracted_value': 7},
                 {'query': 'password manager',
                  'value': '17',
                  'extracted_value': 17}]},
     {'date': 'Jul 27, 2025',
      'timestamp': '1753574400',
      'values': [{'query': 'vpn', 'value': '86', 'extracted_value': 86},
                 {'query': 'antivirus',
                  'value': '16',
                  'extracted_value': 16},
                 {'query': 'ad blocker',
                  'value': '7',
                  'extracted_value': 7},
                 {'query': 'password manager',
                  'value': '19',
                  'extracted_value': 19}]},
     {'date': 'Jul 28, 2025',
      'timestamp': '1753660800',
      'values': [{'query': 'vpn', 'value': '80', 'extracted_value': 80},
                 {'query': 'antivirus',
                  'value': '15',
                  'extracted_value': 15},
                 {'query': 'ad blocker',
                  'value': '7',
                  'extracted_value': 7},
                 {'query': 'password manager',
                  'value': '20',
                  'extracted_value': 20}]},
     {'date': 'Jul 29, 2025',
      'timestamp': '1753747200',
      'values': [{'query': 'vpn', 'value': '83', 'extracted_value': 83},
                 {'query': 'antivirus',
                  'value': '13',
                  'extracted_value': 13},
                 {'query': 'ad blocker',
                  'value': '6',
                  'extracted_value': 6},
                 {'query': 'password manager',
                  'value': '21',
                  'extracted_value': 21}]},
     {'date': 'Jul 30, 2025',
      'timestamp': '1753833600',
      'values': [{'query': 'vpn', 'value': '100', 'extracted_value': 100},
                 {'query': 'antivirus',
                  'value': '14',
                  'extracted_value': 14},
                 {'query': 'ad blocker',
                  'value': '6',
                  'extracted_value': 6},
                 {'query': 'password manager',
                  'value': '20',
                  'extracted_value': 20}]},
     {'date': 'Jul 31, 2025',
      'timestamp': '1753920000',
      'values': [{'query': 'vpn', 'value': '92', 'extracted_value': 92},
                 {'query': 'antivirus',
                  'value': '14',
                  'extracted_value': 14},
                 {'query': 'ad blocker',
                  'value': '7',
                  'extracted_value': 7},
                 {'query': 'password manager',
                  'value': '21',
                  'extracted_value': 21}]},
     {'date': 'Aug 1, 2025',
      'timestamp': '1754006400',
      'values': [{'query': 'vpn', 'value': '84', 'extracted_value': 84},
                 {'query': 'antivirus',
                  'value': '14',
                  'extracted_value': 14},
                 {'query': 'ad blocker',
                  'value': '6',
                  'extracted_value': 6},
                 {'query': 'password manager',
                  'value': '21',
                  'extracted_value': 21}]},
     {'date': 'Aug 2, 2025',
      'timestamp': '1754092800',
      'values': [{'query': 'vpn', 'value': '66', 'extracted_value': 66},
                 {'query': 'antivirus',
                  'value': '11',
                  'extracted_value': 11},
                 {'query': 'ad blocker',
                  'value': '6',
                  'extracted_value': 6},
                 {'query': 'password manager',
                  'value': '18',
                  'extracted_value': 18}]},
     {'date': 'Aug 3, 2025',
      'timestamp': '1754179200',
      'values': [{'query': 'vpn', 'value': '64', 'extracted_value': 64},
                 {'query': 'antivirus',
                  'value': '10',
                  'extracted_value': 10},
                 {'query': 'ad blocker',
                  'value': '7',
                  'extracted_value': 7},
                 {'query': 'password manager',
                  'value': '18',
                  'extracted_value': 18}]},
     {'date': 'Aug 4, 2025',
      'timestamp': '1754265600',
      'values': [{'query': 'vpn', 'value': '67', 'extracted_value': 67},
                 {'query': 'antivirus',
                  'value': '11',
                  'extracted_value': 11},
                 {'query': 'ad blocker',
                  'value': '6',
                  'extracted_value': 6},
                 {'query': 'password manager',
                  'value': '20',
                  'extracted_value': 20}]},
     {'date': 'Aug 5, 2025',
      'timestamp': '1754352000',
      'values': [{'query': 'vpn', 'value': '75', 'extracted_value': 75},
                 {'query': 'antivirus',
                  'value': '11',
                  'extracted_value': 11},
                 {'query': 'ad blocker',
                  'value': '6',
                  'extracted_value': 6},
                 {'query': 'password manager',
                  'value': '21',
                  'extracted_value': 21}]},
     {'date': 'Aug 6, 2025',
      'timestamp': '1754438400',
      'values': [{'query': 'vpn', 'value': '79', 'extracted_value': 79},
                 {'query': 'antivirus',
                  'value': '12',
                  'extracted_value': 12},
                 {'query': 'ad blocker',
                  'value': '7',
                  'extracted_value': 7},
                 {'query': 'password manager',
                  'value': '20',
                  'extracted_value': 20}]},
     {'date': 'Aug 7, 2025',
      'timestamp': '1754524800',
      'values': [{'query': 'vpn', 'value': '79', 'extracted_value': 79},
                 {'query': 'antivirus',
                  'value': '11',
                  'extracted_value': 11},
                 {'query': 'ad blocker',
                  'value': '7',
                  'extracted_value': 7},
                 {'query': 'password manager',
                  'value': '20',
                  'extracted_value': 20}]},
     {'date': 'Aug 8, 2025',
      'timestamp': '1754611200',
      'values': [{'query': 'vpn', 'value': '76', 'extracted_value': 76},
                 {'query': 'antivirus',
                  'value': '10',
                  'extracted_value': 10},
                 {'query': 'ad blocker',
                  'value': '6',
                  'extracted_value': 6},
                 {'query': 'password manager',
                  'value': '20',
                  'extracted_value': 20}]},
     {'date': 'Aug 9, 2025',
      'timestamp': '1754697600',
      'values': [{'query': 'vpn', 'value': '76', 'extracted_value': 76},
                 {'query': 'antivirus',
                  'value': '12',
                  'extracted_value': 12},
                 {'query': 'ad blocker',
                  'value': '6',
                  'extracted_value': 6},
                 {'query': 'password manager',
                  'value': '17',
                  'extracted_value': 17}]},
     {'date': 'Aug 10, 2025',
      'timestamp': '1754784000',
      'values': [{'query': 'vpn', 'value': '74', 'extracted_value': 74},
                 {'query': 'antivirus',
                  'value': '10',
                  'extracted_value': 10},
                 {'query': 'ad blocker',
                  'value': '7',
                  'extracted_value': 7},
                 {'query': 'password manager',
                  'value': '18',
                  'extracted_value': 18}]},
     {'date': 'Aug 11, 2025',
      'timestamp': '1754870400',
      'values': [{'query': 'vpn', 'value': '76', 'extracted_value': 76},
                 {'query': 'antivirus',
                  'value': '10',
                  'extracted_value': 10},
                 {'query': 'ad blocker',
                  'value': '6',
                  'extracted_value': 6},
                 {'query': 'password manager',
                  'value': '21',
                  'extracted_value': 21}]},
     {'date': 'Aug 12, 2025',
      'timestamp': '1754956800',
      'values': [{'query': 'vpn', 'value': '73', 'extracted_value': 73},
                 {'query': 'antivirus',
                  'value': '11',
                  'extracted_value': 11},
                 {'query': 'ad blocker',
                  'value': '6',
                  'extracted_value': 6},
                 {'query': 'password manager',
                  'value': '21',
                  'extracted_value': 21}]},
     {'date': 'Aug 13, 2025',
      'timestamp': '1755043200',
      'values': [{'query': 'vpn', 'value': '75', 'extracted_value': 75},
                 {'query': 'antivirus',
                  'value': '10',
                  'extracted_value': 10},
                 {'query': 'ad blocker',
                  'value': '6',
                  'extracted_value': 6},
                 {'query': 'password manager',
                  'value': '21',
                  'extracted_value': 21}]},
     {'date': 'Aug 14, 2025',
      'timestamp': '1755129600',
      'values': [{'query': 'vpn', 'value': '73', 'extracted_value': 73},
                 {'query': 'antivirus',
                  'value': '12',
                  'extracted_value': 12},
                 {'query': 'ad blocker',
                  'value': '6',
                  'extracted_value': 6},
                 {'query': 'password manager',
                  'value': '21',
                  'extracted_value': 21}]},
     {'date': 'Aug 15, 2025',
      'timestamp': '1755216000',
      'values': [{'query': 'vpn', 'value': '75', 'extracted_value': 75},
                 {'query': 'antivirus', 'value': '9', 'extracted_value': 9},
                 {'query': 'ad blocker',
                  'value': '6',
                  'extracted_value': 6},
                 {'query': 'password manager',
                  'value': '19',
                  'extracted_value': 19}]},
     {'date': 'Aug 16, 2025',
      'timestamp': '1755302400',
      'values': [{'query': 'vpn', 'value': '69', 'extracted_value': 69},
                 {'query': 'antivirus',
                  'value': '11',
                  'extracted_value': 11},
                 {'query': 'ad blocker',
                  'value': '6',
                  'extracted_value': 6},
                 {'query': 'password manager',
                  'value': '18',
                  'extracted_value': 18}]},
     {'date': 'Aug 17, 2025',
      'timestamp': '1755388800',
      'values': [{'query': 'vpn', 'value': '67', 'extracted_value': 67},
                 {'query': 'antivirus',
                  'value': '10',
                  'extracted_value': 10},
                 {'query': 'ad blocker',
                  'value': '6',
                  'extracted_value': 6},
                 {'query': 'password manager',
                  'value': '18',
                  'extracted_value': 18}]},
     {'date': 'Aug 18, 2025',
      'timestamp': '1755475200',
      'values': [{'query': 'vpn', 'value': '69', 'extracted_value': 69},
                 {'query': 'antivirus',
                  'value': '10',
                  'extracted_value': 10},
                 {'query': 'ad blocker',
                  'value': '6',
                  'extracted_value': 6},
                 {'query': 'password manager',
                  'value': '21',
                  'extracted_value': 21}]},
     {'date': 'Aug 19, 2025',
      'timestamp': '1755561600',
      'values': [{'query': 'vpn', 'value': '66', 'extracted_value': 66},
                 {'query': 'antivirus',
                  'value': '10',
                  'extracted_value': 10},
                 {'query': 'ad blocker',
                  'value': '5',
                  'extracted_value': 5},
                 {'query': 'password manager',
                  'value': '21',
                  'extracted_value': 21}]},
     {'date': 'Aug 20, 2025',
      'timestamp': '1755648000',
      'values': [{'query': 'vpn', 'value': '68', 'extracted_value': 68},
                 {'query': 'antivirus',
                  'value': '11',
                  'extracted_value': 11},
                 {'query': 'ad blocker',
                  'value': '6',
                  'extracted_value': 6},
                 {'query': 'password manager',
                  'value': '19',
                  'extracted_value': 19}]},
     {'date': 'Aug 21, 2025',
      'timestamp': '1755734400',
      'values': [{'query': 'vpn', 'value': '71', 'extracted_value': 71},
                 {'query': 'antivirus',
                  'value': '11',
                  'extracted_value': 11},
                 {'query': 'ad blocker',
                  'value': '6',
                  'extracted_value': 6},
                 {'query': 'password manager',
                  'value': '20',
                  'extracted_value': 20}]},
     {'date': 'Aug 22, 2025',
      'timestamp': '1755820800',
      'values': [{'query': 'vpn', 'value': '64', 'extracted_value': 64},
                 {'query': 'antivirus', 'value': '9', 'extracted_value': 9},
                 {'query': 'ad blocker',
                  'value': '7',
                  'extracted_value': 7},
                 {'query': 'password manager',
                  'value': '19',
                  'extracted_value': 19}]},
     {'date': 'Aug 23, 2025',
      'timestamp': '1755907200',
      'values': [{'query': 'vpn', 'value': '64', 'extracted_value': 64},
                 {'query': 'antivirus',
                  'value': '10',
                  'extracted_value': 10},
                 {'query': 'ad blocker',
                  'value': '8',
                  'extracted_value': 8},
                 {'query': 'password manager',
                  'value': '18',
                  'extracted_value': 18}]},
     {'date': 'Aug 24, 2025',
      'timestamp': '1755993600',
      'values': [{'query': 'vpn', 'value': '62', 'extracted_value': 62},
                 {'query': 'antivirus',
                  'value': '10',
                  'extracted_value': 10},
                 {'query': 'ad blocker',
                  'value': '8',
                  'extracted_value': 8},
                 {'query': 'password manager',
                  'value': '18',
                  'extracted_value': 18}]},
     {'date': 'Aug 25, 2025',
      'timestamp': '1756080000',
      'values': [{'query': 'vpn', 'value': '71', 'extracted_value': 71},
                 {'query': 'antivirus',
                  'value': '10',
                  'extracted_value': 10},
                 {'query': 'ad blocker',
                  'value': '7',
                  'extracted_value': 7},
                 {'query': 'password manager',
                  'value': '21',
                  'extracted_value': 21}]},
     {'date': 'Aug 26, 2025',
      'timestamp': '1756166400',
      'values': [{'query': 'vpn', 'value': '71', 'extracted_value': 71},
                 {'query': 'antivirus',
                  'value': '12',
                  'extracted_value': 12},
                 {'query': 'ad blocker',
                  'value': '6',
                  'extracted_value': 6},
                 {'query': 'password manager',
                  'value': '22',
                  'extracted_value': 22}]},
     {'date': 'Aug 27, 2025',
      'timestamp': '1756252800',
      'values': [{'query': 'vpn', 'value': '70', 'extracted_value': 70},
                 {'query': 'antivirus',
                  'value': '10',
                  'extracted_value': 10},
                 {'query': 'ad blocker',
                  'value': '5',
                  'extracted_value': 5},
                 {'query': 'password manager',
                  'value': '20',
                  'extracted_value': 20}]},
     {'date': 'Aug 28, 2025',
      'timestamp': '1756339200',
      'values': [{'query': 'vpn', 'value': '68', 'extracted_value': 68},
                 {'query': 'antivirus',
                  'value': '11',
                  'extracted_value': 11},
                 {'query': 'ad blocker',
                  'value': '6',
                  'extracted_value': 6},
                 {'query': 'password manager',
                  'value': '19',
                  'extracted_value': 19}]},
     {'date': 'Aug 29, 2025',
      'timestamp': '1756425600',
      'values': [{'query': 'vpn', 'value': '68', 'extracted_value': 68},
                 {'query': 'antivirus',
                  'value': '10',
                  'extracted_value': 10},
                 {'query': 'ad blocker',
                  'value': '5',
                  'extracted_value': 5},
                 {'query': 'password manager',
                  'value': '19',
                  'extracted_value': 19}]},
     {'date': 'Aug 30, 2025',
      'timestamp': '1756512000',
      'values': [{'query': 'vpn', 'value': '70', 'extracted_value': 70},
                 {'query': 'antivirus',
                  'value': '11',
                  'extracted_value': 11},
                 {'query': 'ad blocker',
                  'value': '7',
                  'extracted_value': 7},
                 {'query': 'password manager',
                  'value': '18',
                  'extracted_value': 18}]},
     {'date': 'Aug 31, 2025',
      'timestamp': '1756598400',
      'values': [{'query': 'vpn', 'value': '68', 'extracted_value': 68},
                 {'query': 'antivirus', 'value': '9', 'extracted_value': 9},
                 {'query': 'ad blocker',
                  'value': '8',
                  'extracted_value': 8},
                 {'query': 'password manager',
                  'value': '19',
                  'extracted_value': 19}]},
     {'date': 'Sep 1, 2025',
      'timestamp': '1756684800',
      'values': [{'query': 'vpn', 'value': '68', 'extracted_value': 68},
                 {'query': 'antivirus',
                  'value': '12',
                  'extracted_value': 12},
                 {'query': 'ad blocker',
                  'value': '6',
                  'extracted_value': 6},
                 {'query': 'password manager',
                  'value': '18',
                  'extracted_value': 18}]},
     {'date': 'Sep 2, 2025',
      'timestamp': '1756771200',
      'values': [{'query': 'vpn', 'value': '71', 'extracted_value': 71},
                 {'query': 'antivirus',
                  'value': '10',
                  'extracted_value': 10},
                 {'query': 'ad blocker',
                  'value': '6',
                  'extracted_value': 6},
                 {'query': 'password manager',
                  'value': '23',
                  'extracted_value': 23}]},
     {'date': 'Sep 3, 2025',
      'timestamp': '1756857600',
      'values': [{'query': 'vpn', 'value': '72', 'extracted_value': 72},
                 {'query': 'antivirus',
                  'value': '12',
                  'extracted_value': 12},
                 {'query': 'ad blocker',
                  'value': '6',
                  'extracted_value': 6},
                 {'query': 'password manager',
                  'value': '24',
                  'extracted_value': 24}]},
     {'date': 'Sep 4, 2025',
      'timestamp': '1756944000',
      'values': [{'query': 'vpn', 'value': '70', 'extracted_value': 70},
                 {'query': 'antivirus', 'value': '9', 'extracted_value': 9},
                 {'query': 'ad blocker',
                  'value': '6',
                  'extracted_value': 6},
                 {'query': 'password manager',
                  'value': '22',
                  'extracted_value': 22}]},
     {'date': 'Sep 5, 2025',
      'timestamp': '1757030400',
      'values': [{'query': 'vpn', 'value': '69', 'extracted_value': 69},
                 {'query': 'antivirus',
                  'value': '11',
                  'extracted_value': 11},
                 {'query': 'ad blocker',
                  'value': '6',
                  'extracted_value': 6},
                 {'query': 'password manager',
                  'value': '19',
                  'extracted_value': 19}]},
     {'date': 'Sep 6, 2025',
      'timestamp': '1757116800',
      'values': [{'query': 'vpn', 'value': '74', 'extracted_value': 74},
                 {'query': 'antivirus',
                  'value': '11',
                  'extracted_value': 11},
                 {'query': 'ad blocker',
                  'value': '6',
                  'extracted_value': 6},
                 {'query': 'password manager',
                  'value': '19',
                  'extracted_value': 19}]},
     {'date': 'Sep 7, 2025',
      'timestamp': '1757203200',
      'values': [{'query': 'vpn', 'value': '84', 'extracted_value': 84},
                 {'query': 'antivirus',
                  'value': '10',
                  'extracted_value': 10},
                 {'query': 'ad blocker',
                  'value': '9',
                  'extracted_value': 9},
                 {'query': 'password manager',
                  'value': '17',
                  'extracted_value': 17}]},
     {'date': 'Sep 8, 2025',
      'timestamp': '1757289600',
      'values': [{'query': 'vpn', 'value': '69', 'extracted_value': 69},
                 {'query': 'antivirus', 'value': '9', 'extracted_value': 9},
                 {'query': 'ad blocker',
                  'value': '6',
                  'extracted_value': 6},
                 {'query': 'password manager',
                  'value': '19',
                  'extracted_value': 19}]},
     {'date': 'Sep 9, 2025',
      'timestamp': '1757376000',
      'values': [{'query': 'vpn', 'value': '69', 'extracted_value': 69},
                 {'query': 'antivirus',
                  'value': '10',
                  'extracted_value': 10},
                 {'query': 'ad blocker',
                  'value': '6',
                  'extracted_value': 6},
                 {'query': 'password manager',
                  'value': '19',
                  'extracted_value': 19}]},
     {'date': 'Sep 10, 2025',
      'timestamp': '1757462400',
      'values': [{'query': 'vpn', 'value': '62', 'extracted_value': 62},
                 {'query': 'antivirus', 'value': '9', 'extracted_value': 9},
                 {'query': 'ad blocker',
                  'value': '6',
                  'extracted_value': 6},
                 {'query': 'password manager',
                  'value': '18',
                  'extracted_value': 18}]},
     {'date': 'Sep 11, 2025',
      'timestamp': '1757548800',
      'values': [{'query': 'vpn', 'value': '58', 'extracted_value': 58},
                 {'query': 'antivirus', 'value': '9', 'extracted_value': 9},
                 {'query': 'ad blocker',
                  'value': '6',
                  'extracted_value': 6},
                 {'query': 'password manager',
                  'value': '19',
                  'extracted_value': 19}]},
     {'date': 'Sep 12, 2025',
      'timestamp': '1757635200',
      'values': [{'query': 'vpn', 'value': '58', 'extracted_value': 58},
                 {'query': 'antivirus', 'value': '9', 'extracted_value': 9},
                 {'query': 'ad blocker',
                  'value': '6',
                  'extracted_value': 6},
                 {'query': 'password manager',
                  'value': '17',
                  'extracted_value': 17}]},
     {'date': 'Sep 13, 2025',
      'timestamp': '1757721600',
      'values': [{'query': 'vpn', 'value': '61', 'extracted_value': 61},
                 {'query': 'antivirus',
                  'value': '10',
                  'extracted_value': 10},
                 {'query': 'ad blocker',
                  'value': '6',
                  'extracted_value': 6},
                 {'query': 'password manager',
                  'value': '17',
                  'extracted_value': 17}]},
     {'date': 'Sep 14, 2025',
      'timestamp': '1757808000',
      'values': [{'query': 'vpn', 'value': '70', 'extracted_value': 70},
                 {'query': 'antivirus',
                  'value': '10',
                  'extracted_value': 10},
                 {'query': 'ad blocker',
                  'value': '6',
                  'extracted_value': 6},
                 {'query': 'password manager',
                  'value': '17',
                  'extracted_value': 17}]},
     {'date': 'Sep 15, 2025',
      'timestamp': '1757894400',
      'values': [{'query': 'vpn', 'value': '65', 'extracted_value': 65},
                 {'query': 'antivirus',
                  'value': '10',
                  'extracted_value': 10},
                 {'query': 'ad blocker',
                  'value': '6',
                  'extracted_value': 6},
                 {'query': 'password manager',
                  'value': '19',
                  'extracted_value': 19}]},
     {'date': 'Sep 16, 2025',
      'timestamp': '1757980800',
      'values': [{'query': 'vpn', 'value': '73', 'extracted_value': 73},
                 {'query': 'antivirus',
                  'value': '10',
                  'extracted_value': 10},
                 {'query': 'ad blocker',
                  'value': '6',
                  'extracted_value': 6},
                 {'query': 'password manager',
                  'value': '22',
                  'extracted_value': 22}]},
     {'date': 'Sep 17, 2025',
      'timestamp': '1758067200',
      'values': [{'query': 'vpn', 'value': '84', 'extracted_value': 84},
                 {'query': 'antivirus',
                  'value': '11',
                  'extracted_value': 11},
                 {'query': 'ad blocker',
                  'value': '7',
                  'extracted_value': 7},
                 {'query': 'password manager',
                  'value': '19',
                  'extracted_value': 19}]},
     {'date': 'Sep 18, 2025',
      'timestamp': '1758153600',
      'values': [{'query': 'vpn', 'value': '75', 'extracted_value': 75},
                 {'query': 'antivirus',
                  'value': '11',
                  'extracted_value': 11},
                 {'query': 'ad blocker',
                  'value': '5',
                  'extracted_value': 5},
                 {'query': 'password manager',
                  'value': '20',
                  'extracted_value': 20}]},
     {'date': 'Sep 19, 2025',
      'timestamp': '1758240000',
      'values': [{'query': 'vpn', 'value': '75', 'extracted_value': 75},
                 {'query': 'antivirus',
                  'value': '10',
                  'extracted_value': 10},
                 {'query': 'ad blocker',
                  'value': '6',
                  'extracted_value': 6},
                 {'query': 'password manager',
                  'value': '19',
                  'extracted_value': 19}]},
     {'date': 'Sep 20, 2025',
      'timestamp': '1758326400',
      'values': [{'query': 'vpn', 'value': '93', 'extracted_value': 93},
                 {'query': 'antivirus',
                  'value': '11',
                  'extracted_value': 11},
                 {'query': 'ad blocker',
                  'value': '7',
                  'extracted_value': 7},
                 {'query': 'password manager',
                  'value': '19',
                  'extracted_value': 19}]},
     {'date': 'Sep 21, 2025',
      'timestamp': '1758412800',
      'values': [{'query': 'vpn', 'value': '80', 'extracted_value': 80},
                 {'query': 'antivirus',
                  'value': '10',
                  'extracted_value': 10},
                 {'query': 'ad blocker',
                  'value': '7',
                  'extracted_value': 7},
                 {'query': 'password manager',
                  'value': '17',
                  'extracted_value': 17}]},
     {'date': 'Sep 22, 2025',
      'timestamp': '1758499200',
      'values': [{'query': 'vpn', 'value': '75', 'extracted_value': 75},
                 {'query': 'antivirus',
                  'value': '11',
                  'extracted_value': 11},
                 {'query': 'ad blocker',
                  'value': '5',
                  'extracted_value': 5},
                 {'query': 'password manager',
                  'value': '20',
                  'extracted_value': 20}]},
     {'date': 'Sep 23, 2025',
      'timestamp': '1758585600',
      'values': [{'query': 'vpn', 'value': '75', 'extracted_value': 75},
                 {'query': 'antivirus',
                  'value': '11',
                  'extracted_value': 11},
                 {'query': 'ad blocker',
                  'value': '6',
                  'extracted_value': 6},
                 {'query': 'password manager',
                  'value': '18',
                  'extracted_value': 18}]},
     {'date': 'Sep 24, 2025',
      'timestamp': '1758672000',
      'values': [{'query': 'vpn', 'value': '84', 'extracted_value': 84},
                 {'query': 'antivirus',
                  'value': '12',
                  'extracted_value': 12},
                 {'query': 'ad blocker',
                  'value': '6',
                  'extracted_value': 6},
                 {'query': 'password manager',
                  'value': '19',
                  'extracted_value': 19}]},
     {'date': 'Sep 25, 2025',
      'timestamp': '1758758400',
      'values': [{'query': 'vpn', 'value': '75', 'extracted_value': 75},
                 {'query': 'antivirus',
                  'value': '10',
                  'extracted_value': 10},
                 {'query': 'ad blocker',
                  'value': '5',
                  'extracted_value': 5},
                 {'query': 'password manager',
                  'value': '18',
                  'extracted_value': 18}]},
     {'date': 'Sep 26, 2025',
      'timestamp': '1758844800',
      'values': [{'query': 'vpn', 'value': '75', 'extracted_value': 75},
                 {'query': 'antivirus',
                  'value': '10',
                  'extracted_value': 10},
                 {'query': 'ad blocker',
                  'value': '5',
                  'extracted_value': 5},
                 {'query': 'password manager',
                  'value': '19',
                  'extracted_value': 19}]},
     {'date': 'Sep 27, 2025',
      'timestamp': '1758931200',
      'values': [{'query': 'vpn', 'value': '72', 'extracted_value': 72},
                 {'query': 'antivirus',
                  'value': '11',
                  'extracted_value': 11},
                 {'query': 'ad blocker',
                  'value': '6',
                  'extracted_value': 6},
                 {'query': 'password manager',
                  'value': '17',
                  'extracted_value': 17}]},
     {'date': 'Sep 28, 2025',
      'timestamp': '1759017600',
      'values': [{'query': 'vpn', 'value': '80', 'extracted_value': 80},
                 {'query': 'antivirus',
                  'value': '12',
                  'extracted_value': 12},
                 {'query': 'ad blocker',
                  'value': '8',
                  'extracted_value': 8},
                 {'query': 'password manager',
                  'value': '17',
                  'extracted_value': 17}]},
     {'date': 'Sep 29, 2025',
      'timestamp': '1759104000',
      'values': [{'query': 'vpn', 'value': '71', 'extracted_value': 71},
                 {'query': 'antivirus',
                  'value': '11',
                  'extracted_value': 11},
                 {'query': 'ad blocker',
                  'value': '6',
                  'extracted_value': 6},
                 {'query': 'password manager',
                  'value': '19',
                  'extracted_value': 19}]},
     {'date': 'Sep 30, 2025',
      'timestamp': '1759190400',
      'values': [{'query': 'vpn', 'value': '74', 'extracted_value': 74},
                 {'query': 'antivirus',
                  'value': '11',
                  'extracted_value': 11},
                 {'query': 'ad blocker',
                  'value': '5',
                  'extracted_value': 5},
                 {'query': 'password manager',
                  'value': '20',
                  'extracted_value': 20}]},
     {'date': 'Oct 1, 2025',
      'timestamp': '1759276800',
      'values': [{'query': 'vpn', 'value': '75', 'extracted_value': 75},
                 {'query': 'antivirus',
                  'value': '11',
                  'extracted_value': 11},
                 {'query': 'ad blocker',
                  'value': '6',
                  'extracted_value': 6},
                 {'query': 'password manager',
                  'value': '22',
                  'extracted_value': 22}]},
     {'date': 'Oct 2, 2025',
      'timestamp': '1759363200',
      'values': [{'query': 'vpn', 'value': '71', 'extracted_value': 71},
                 {'query': 'antivirus',
                  'value': '11',
                  'extracted_value': 11},
                 {'query': 'ad blocker',
                  'value': '5',
                  'extracted_value': 5},
                 {'query': 'password manager',
                  'value': '20',
                  'extracted_value': 20}]},
     {'date': 'Oct 3, 2025',
      'timestamp': '1759449600',
      'values': [{'query': 'vpn', 'value': '69', 'extracted_value': 69},
                 {'query': 'antivirus',
                  'value': '10',
                  'extracted_value': 10},
                 {'query': 'ad blocker',
                  'value': '6',
                  'extracted_value': 6},
                 {'query': 'password manager',
                  'value': '19',
                  'extracted_value': 19}]},
     {'date': 'Oct 4, 2025',
      'timestamp': '1759536000',
      'values': [{'query': 'vpn', 'value': '63', 'extracted_value': 63},
                 {'query': 'antivirus',
                  'value': '10',
                  'extracted_value': 10},
                 {'query': 'ad blocker',
                  'value': '6',
                  'extracted_value': 6},
                 {'query': 'password manager',
                  'value': '17',
                  'extracted_value': 17}]},
     {'date': 'Oct 5, 2025',
      'timestamp': '1759622400',
      'values': [{'query': 'vpn', 'value': '68', 'extracted_value': 68},
                 {'query': 'antivirus', 'value': '8', 'extracted_value': 8},
                 {'query': 'ad blocker',
                  'value': '8',
                  'extracted_value': 8},
                 {'query': 'password manager',
                  'value': '16',
                  'extracted_value': 16}]},
     {'date': 'Oct 6, 2025',
      'timestamp': '1759708800',
      'values': [{'query': 'vpn', 'value': '68', 'extracted_value': 68},
                 {'query': 'antivirus', 'value': '9', 'extracted_value': 9},
                 {'query': 'ad blocker',
                  'value': '7',
                  'extracted_value': 7},
                 {'query': 'password manager',
                  'value': '20',
                  'extracted_value': 20}]},
     {'date': 'Oct 7, 2025',
      'timestamp': '1759795200',
      'values': [{'query': 'vpn', 'value': '73', 'extracted_value': 73},
                 {'query': 'antivirus',
                  'value': '12',
                  'extracted_value': 12},
                 {'query': 'ad blocker',
                  'value': '6',
                  'extracted_value': 6},
                 {'query': 'password manager',
                  'value': '19',
                  'extracted_value': 19}]},
     {'date': 'Oct 8, 2025',
      'timestamp': '1759881600',
      'values': [{'query': 'vpn', 'value': '74', 'extracted_value': 74},
                 {'query': 'antivirus',
                  'value': '10',
                  'extracted_value': 10},
                 {'query': 'ad blocker',
                  'value': '7',
                  'extracted_value': 7},
                 {'query': 'password manager',
                  'value': '19',
                  'extracted_value': 19}]},
     {'date': 'Oct 9, 2025',
      'timestamp': '1759968000',
      'values': [{'query': 'vpn', 'value': '72', 'extracted_value': 72},
                 {'query': 'antivirus',
                  'value': '11',
                  'extracted_value': 11},
                 {'query': 'ad blocker',
                  'value': '6',
                  'extracted_value': 6},
                 {'query': 'password manager',
                  'value': '20',
                  'extracted_value': 20}]},
     {'date': 'Oct 10, 2025',
      'timestamp': '1760054400',
      'values': [{'query': 'vpn', 'value': '69', 'extracted_value': 69},
                 {'query': 'antivirus',
                  'value': '10',
                  'extracted_value': 10},
                 {'query': 'ad blocker',
                  'value': '6',
                  'extracted_value': 6},
                 {'query': 'password manager',
                  'value': '19',
                  'extracted_value': 19}]},
     {'date': 'Oct 11, 2025',
      'timestamp': '1760140800',
      'values': [{'query': 'vpn', 'value': '70', 'extracted_value': 70},
                 {'query': 'antivirus',
                  'value': '10',
                  'extracted_value': 10},
                 {'query': 'ad blocker',
                  'value': '7',
                  'extracted_value': 7},
                 {'query': 'password manager',
                  'value': '18',
                  'extracted_value': 18}]},
     {'date': 'Oct 12, 2025',
      'timestamp': '1760227200',
      'values': [{'query': 'vpn', 'value': '69', 'extracted_value': 69},
                 {'query': 'antivirus', 'value': '9', 'extracted_value': 9},
                 {'query': 'ad blocker',
                  'value': '6',
                  'extracted_value': 6},
                 {'query': 'password manager',
                  'value': '18',
                  'extracted_value': 18}]},
     {'date': 'Oct 13, 2025',
      'timestamp': '1760313600',
      'values': [{'query': 'vpn', 'value': '72', 'extracted_value': 72},
                 {'query': 'antivirus',
                  'value': '11',
                  'extracted_value': 11},
                 {'query': 'ad blocker',
                  'value': '6',
                  'extracted_value': 6},
                 {'query': 'password manager',
                  'value': '20',
                  'extracted_value': 20}]},
     {'date': 'Oct 14, 2025',
      'timestamp': '1760400000',
      'values': [{'query': 'vpn', 'value': '71', 'extracted_value': 71},
                 {'query': 'antivirus',
                  'value': '12',
                  'extracted_value': 12},
                 {'query': 'ad blocker',
                  'value': '7',
                  'extracted_value': 7},
                 {'query': 'password manager',
                  'value': '19',
                  'extracted_value': 19}]},
     {'date': 'Oct 15, 2025',
      'timestamp': '1760486400',
      'values': [{'query': 'vpn', 'value': '73', 'extracted_value': 73},
                 {'query': 'antivirus',
                  'value': '12',
                  'extracted_value': 12},
                 {'query': 'ad blocker',
                  'value': '7',
                  'extracted_value': 7},
                 {'query': 'password manager',
                  'value': '21',
                  'extracted_value': 21}]},
     {'date': 'Oct 16, 2025',
      'timestamp': '1760572800',
      'values': [{'query': 'vpn', 'value': '65', 'extracted_value': 65},
                 {'query': 'antivirus',
                  'value': '11',
                  'extracted_value': 11},
                 {'query': 'ad blocker',
                  'value': '7',
                  'extracted_value': 7},
                 {'query': 'password manager',
                  'value': '21',
                  'extracted_value': 21}]},
     {'date': 'Oct 17, 2025',
      'timestamp': '1760659200',
      'values': [{'query': 'vpn', 'value': '71', 'extracted_value': 71},
                 {'query': 'antivirus',
                  'value': '10',
                  'extracted_value': 10},
                 {'query': 'ad blocker',
                  'value': '6',
                  'extracted_value': 6},
                 {'query': 'password manager',
                  'value': '20',
                  'extracted_value': 20}]},
     {'date': 'Oct 18, 2025',
      'timestamp': '1760745600',
      'values': [{'query': 'vpn', 'value': '60', 'extracted_value': 60},
                 {'query': 'antivirus',
                  'value': '10',
                  'extracted_value': 10},
                 {'query': 'ad blocker',
                  'value': '5',
                  'extracted_value': 5},
                 {'query': 'password manager',
                  'value': '18',
                  'extracted_value': 18}]},
     {'date': 'Oct 19, 2025',
      'timestamp': '1760832000',
      'values': [{'query': 'vpn', 'value': '69', 'extracted_value': 69},
                 {'query': 'antivirus',
                  'value': '10',
                  'extracted_value': 10},
                 {'query': 'ad blocker',
                  'value': '7',
                  'extracted_value': 7},
                 {'query': 'password manager',
                  'value': '16',
                  'extracted_value': 16}]},
     {'date': 'Oct 20, 2025',
      'timestamp': '1760918400',
      'values': [{'query': 'vpn', 'value': '75', 'extracted_value': 75},
                 {'query': 'antivirus',
                  'value': '12',
                  'extracted_value': 12},
                 {'query': 'ad blocker',
                  'value': '6',
                  'extracted_value': 6},
                 {'query': 'password manager',
                  'value': '19',
                  'extracted_value': 19}]},
     {'date': 'Oct 21, 2025',
      'timestamp': '1761004800',
      'values': [{'query': 'vpn', 'value': '67', 'extracted_value': 67},
                 {'query': 'antivirus',
                  'value': '11',
                  'extracted_value': 11},
                 {'query': 'ad blocker',
                  'value': '6',
                  'extracted_value': 6},
                 {'query': 'password manager',
                  'value': '20',
                  'extracted_value': 20}]},
     {'date': 'Oct 22, 2025',
      'timestamp': '1761091200',
      'values': [{'query': 'vpn', 'value': '69', 'extracted_value': 69},
                 {'query': 'antivirus',
                  'value': '11',
                  'extracted_value': 11},
                 {'query': 'ad blocker',
                  'value': '6',
                  'extracted_value': 6},
                 {'query': 'password manager',
                  'value': '19',
                  'extracted_value': 19}]},
     {'date': 'Oct 23, 2025',
      'timestamp': '1761177600',
      'values': [{'query': 'vpn', 'value': '70', 'extracted_value': 70},
                 {'query': 'antivirus',
                  'value': '11',
                  'extracted_value': 11},
                 {'query': 'ad blocker',
                  'value': '7',
                  'extracted_value': 7},
                 {'query': 'password manager',
                  'value': '19',
                  'extracted_value': 19}]},
     {'date': 'Oct 24, 2025',
      'timestamp': '1761264000',
      'values': [{'query': 'vpn', 'value': '66', 'extracted_value': 66},
                 {'query': 'antivirus',
                  'value': '10',
                  'extracted_value': 10},
                 {'query': 'ad blocker',
                  'value': '6',
                  'extracted_value': 6},
                 {'query': 'password manager',
                  'value': '19',
                  'extracted_value': 19}]},
     {'date': 'Oct 25, 2025',
      'timestamp': '1761350400',
      'values': [{'query': 'vpn', 'value': '59', 'extracted_value': 59},
                 {'query': 'antivirus', 'value': '8', 'extracted_value': 8},
                 {'query': 'ad blocker',
                  'value': '6',
                  'extracted_value': 6},
                 {'query': 'password manager',
                  'value': '18',
                  'extracted_value': 18}]},
     {'date': 'Oct 26, 2025',
      'timestamp': '1761436800',
      'values': [{'query': 'vpn', 'value': '67', 'extracted_value': 67},
                 {'query': 'antivirus', 'value': '9', 'extracted_value': 9},
                 {'query': 'ad blocker',
                  'value': '6',
                  'extracted_value': 6},
                 {'query': 'password manager',
                  'value': '16',
                  'extracted_value': 16}]},
     {'date': 'Oct 27, 2025',
      'timestamp': '1761523200',
      'values': [{'query': 'vpn', 'value': '63', 'extracted_value': 63},
                 {'query': 'antivirus',
                  'value': '10',
                  'extracted_value': 10},
                 {'query': 'ad blocker',
                  'value': '5',
                  'extracted_value': 5},
                 {'query': 'password manager',
                  'value': '21',
                  'extracted_value': 21}]},
     {'date': 'Oct 28, 2025',
      'timestamp': '1761609600',
      'values': [{'query': 'vpn', 'value': '67', 'extracted_value': 67},
                 {'query': 'antivirus',
                  'value': '10',
                  'extracted_value': 10},
                 {'query': 'ad blocker',
                  'value': '6',
                  'extracted_value': 6},
                 {'query': 'password manager',
                  'value': '20',
                  'extracted_value': 20}]},
     {'date': 'Oct 29, 2025',
      'timestamp': '1761696000',
      'values': [{'query': 'vpn', 'value': '69', 'extracted_value': 69},
                 {'query': 'antivirus',
                  'value': '10',
                  'extracted_value': 10},
                 {'query': 'ad blocker',
                  'value': '5',
                  'extracted_value': 5},
                 {'query': 'password manager',
                  'value': '21',
                  'extracted_value': 21}]},
     {'date': 'Oct 30, 2025',
      'timestamp': '1761782400',
      'values': [{'query': 'vpn', 'value': '71', 'extracted_value': 71},
                 {'query': 'antivirus',
                  'value': '12',
                  'extracted_value': 12},
                 {'query': 'ad blocker',
                  'value': '6',
                  'extracted_value': 6},
                 {'query': 'password manager',
                  'value': '20',
                  'extracted_value': 20}]},
     {'date': 'Oct 31, 2025',
      'timestamp': '1761868800',
      'values': [{'query': 'vpn', 'value': '88', 'extracted_value': 88},
                 {'query': 'antivirus',
                  'value': '10',
                  'extracted_value': 10},
                 {'query': 'ad blocker',
                  'value': '5',
                  'extracted_value': 5},
                 {'query': 'password manager',
                  'value': '19',
                  'extracted_value': 19}]},
     {'date': 'Nov 1, 2025',
      'timestamp': '1761955200',
      'values': [{'query': 'vpn', 'value': '70', 'extracted_value': 70},
                 {'query': 'antivirus',
                  'value': '10',
                  'extracted_value': 10},
                 {'query': 'ad blocker',
                  'value': '7',
                  'extracted_value': 7},
                 {'query': 'password manager',
                  'value': '19',
                  'extracted_value': 19}]},
     {'date': 'Nov 2, 2025',
      'timestamp': '1762041600',
      'values': [{'query': 'vpn', 'value': '72', 'extracted_value': 72},
                 {'query': 'antivirus',
                  'value': '10',
                  'extracted_value': 10},
                 {'query': 'ad blocker',
                  'value': '5',
                  'extracted_value': 5},
                 {'query': 'password manager',
                  'value': '19',
                  'extracted_value': 19}]},
     {'date': 'Nov 3, 2025',
      'timestamp': '1762128000',
      'values': [{'query': 'vpn', 'value': '73', 'extracted_value': 73},
                 {'query': 'antivirus',
                  'value': '11',
                  'extracted_value': 11},
                 {'query': 'ad blocker',
                  'value': '5',
                  'extracted_value': 5},
                 {'query': 'password manager',
                  'value': '20',
                  'extracted_value': 20}]},
     {'date': 'Nov 4, 2025',
      'timestamp': '1762214400',
      'values': [{'query': 'vpn', 'value': '71', 'extracted_value': 71},
                 {'query': 'antivirus',
                  'value': '10',
                  'extracted_value': 10},
                 {'query': 'ad blocker',
                  'value': '6',
                  'extracted_value': 6},
                 {'query': 'password manager',
                  'value': '20',
                  'extracted_value': 20}]},
     {'date': 'Nov 5, 2025',
      'timestamp': '1762300800',
      'values': [{'query': 'vpn', 'value': '75', 'extracted_value': 75},
                 {'query': 'antivirus',
                  'value': '11',
                  'extracted_value': 11},
                 {'query': 'ad blocker',
                  'value': '5',
                  'extracted_value': 5},
                 {'query': 'password manager',
                  'value': '19',
                  'extracted_value': 19}]},
     {'date': 'Nov 6, 2025',
      'timestamp': '1762387200',
      'values': [{'query': 'vpn', 'value': '78', 'extracted_value': 78},
                 {'query': 'antivirus',
                  'value': '11',
                  'extracted_value': 11},
                 {'query': 'ad blocker',
                  'value': '6',
                  'extracted_value': 6},
                 {'query': 'password manager',
                  'value': '19',
                  'extracted_value': 19}]},
     {'date': 'Nov 7, 2025',
      'timestamp': '1762473600',
      'values': [{'query': 'vpn', 'value': '70', 'extracted_value': 70},
                 {'query': 'antivirus',
                  'value': '11',
                  'extracted_value': 11},
                 {'query': 'ad blocker',
                  'value': '5',
                  'extracted_value': 5},
                 {'query': 'password manager',
                  'value': '20',
                  'extracted_value': 20}]},
     {'date': 'Nov 8, 2025',
      'timestamp': '1762560000',
      'values': [{'query': 'vpn', 'value': '69', 'extracted_value': 69},
                 {'query': 'antivirus',
                  'value': '11',
                  'extracted_value': 11},
                 {'query': 'ad blocker',
                  'value': '6',
                  'extracted_value': 6},
                 {'query': 'password manager',
                  'value': '19',
                  'extracted_value': 19}]},
     {'date': 'Nov 9, 2025',
      'timestamp': '1762646400',
      'values': [{'query': 'vpn', 'value': '69', 'extracted_value': 69},
                 {'query': 'antivirus',
                  'value': '10',
                  'extracted_value': 10},
                 {'query': 'ad blocker',
                  'value': '7',
                  'extracted_value': 7},
                 {'query': 'password manager',
                  'value': '16',
                  'extracted_value': 16}]},
     {'date': 'Nov 10, 2025',
      'timestamp': '1762732800',
      'values': [{'query': 'vpn', 'value': '75', 'extracted_value': 75},
                 {'query': 'antivirus',
                  'value': '10',
                  'extracted_value': 10},
                 {'query': 'ad blocker',
                  'value': '6',
                  'extracted_value': 6},
                 {'query': 'password manager',
                  'value': '19',
                  'extracted_value': 19}]},
     {'date': 'Nov 11, 2025',
      'timestamp': '1762819200',
      'values': [{'query': 'vpn', 'value': '75', 'extracted_value': 75},
                 {'query': 'antivirus',
                  'value': '12',
                  'extracted_value': 12},
                 {'query': 'ad blocker',
                  'value': '6',
                  'extracted_value': 6},
                 {'query': 'password manager',
                  'value': '20',
                  'extracted_value': 20}]},
     {'date': 'Nov 12, 2025',
      'timestamp': '1762905600',
      'values': [{'query': 'vpn', 'value': '72', 'extracted_value': 72},
                 {'query': 'antivirus',
                  'value': '11',
                  'extracted_value': 11},
                 {'query': 'ad blocker',
                  'value': '5',
                  'extracted_value': 5},
                 {'query': 'password manager',
                  'value': '19',
                  'extracted_value': 19}]},
     {'date': 'Nov 13, 2025',
      'timestamp': '1762992000',
      'values': [{'query': 'vpn', 'value': '73', 'extracted_value': 73},
                 {'query': 'antivirus',
                  'value': '11',
                  'extracted_value': 11},
                 {'query': 'ad blocker',
                  'value': '5',
                  'extracted_value': 5},
                 {'query': 'password manager',
                  'value': '19',
                  'extracted_value': 19}]},
     {'date': 'Nov 14, 2025',
      'timestamp': '1763078400',
      'values': [{'query': 'vpn', 'value': '68', 'extracted_value': 68},
                 {'query': 'antivirus',
                  'value': '10',
                  'extracted_value': 10},
                 {'query': 'ad blocker',
                  'value': '6',
                  'extracted_value': 6},
                 {'query': 'password manager',
                  'value': '19',
                  'extracted_value': 19}]},
     {'date': 'Nov 15, 2025',
      'timestamp': '1763164800',
      'values': [{'query': 'vpn', 'value': '69', 'extracted_value': 69},
                 {'query': 'antivirus', 'value': '8', 'extracted_value': 8},
                 {'query': 'ad blocker',
                  'value': '6',
                  'extracted_value': 6},
                 {'query': 'password manager',
                  'value': '17',
                  'extracted_value': 17}]},
     {'date': 'Nov 16, 2025',
      'timestamp': '1763251200',
      'values': [{'query': 'vpn', 'value': '71', 'extracted_value': 71},
                 {'query': 'antivirus',
                  'value': '10',
                  'extracted_value': 10},
                 {'query': 'ad blocker',
                  'value': '7',
                  'extracted_value': 7},
                 {'query': 'password manager',
                  'value': '18',
                  'extracted_value': 18}]},
     {'date': 'Nov 17, 2025',
      'timestamp': '1763337600',
      'values': [{'query': 'vpn', 'value': '67', 'extracted_value': 67},
                 {'query': 'antivirus',
                  'value': '11',
                  'extracted_value': 11},
                 {'query': 'ad blocker',
                  'value': '4',
                  'extracted_value': 4},
                 {'query': 'password manager',
                  'value': '18',
                  'extracted_value': 18}]},
     {'date': 'Nov 18, 2025',
      'timestamp': '1763424000',
      'values': [{'query': 'vpn', 'value': '87', 'extracted_value': 87},
                 {'query': 'antivirus',
                  'value': '12',
                  'extracted_value': 12},
                 {'query': 'ad blocker',
                  'value': '7',
                  'extracted_value': 7},
                 {'query': 'password manager',
                  'value': '20',
                  'extracted_value': 20}]},
     {'date': 'Nov 19, 2025',
      'timestamp': '1763510400',
      'values': [{'query': 'vpn', 'value': '81', 'extracted_value': 81},
                 {'query': 'antivirus',
                  'value': '12',
                  'extracted_value': 12},
                 {'query': 'ad blocker',
                  'value': '6',
                  'extracted_value': 6},
                 {'query': 'password manager',
                  'value': '20',
                  'extracted_value': 20}]},
     {'date': 'Nov 20, 2025',
      'timestamp': '1763596800',
      'values': [{'query': 'vpn', 'value': '76', 'extracted_value': 76},
                 {'query': 'antivirus',
                  'value': '12',
                  'extracted_value': 12},
                 {'query': 'ad blocker',
                  'value': '6',
                  'extracted_value': 6},
                 {'query': 'password manager',
                  'value': '18',
                  'extracted_value': 18}]},
     {'date': 'Nov 21, 2025',
      'timestamp': '1763683200',
      'values': [{'query': 'vpn', 'value': '84', 'extracted_value': 84},
                 {'query': 'antivirus',
                  'value': '11',
                  'extracted_value': 11},
                 {'query': 'ad blocker',
                  'value': '5',
                  'extracted_value': 5},
                 {'query': 'password manager',
                  'value': '20',
                  'extracted_value': 20}]},
     {'date': 'Nov 22, 2025',
      'timestamp': '1763769600',
      'values': [{'query': 'vpn', 'value': '77', 'extracted_value': 77},
                 {'query': 'antivirus',
                  'value': '11',
                  'extracted_value': 11},
                 {'query': 'ad blocker',
                  'value': '7',
                  'extracted_value': 7},
                 {'query': 'password manager',
                  'value': '19',
                  'extracted_value': 19}]},
     {'date': 'Nov 23, 2025',
      'timestamp': '1763856000',
      'values': [{'query': 'vpn', 'value': '82', 'extracted_value': 82},
                 {'query': 'antivirus',
                  'value': '11',
                  'extracted_value': 11},
                 {'query': 'ad blocker',
                  'value': '6',
                  'extracted_value': 6},
                 {'query': 'password manager',
                  'value': '17',
                  'extracted_value': 17}]},
     {'date': 'Nov 24, 2025',
      'timestamp': '1763942400',
      'values': [{'query': 'vpn', 'value': '79', 'extracted_value': 79},
                 {'query': 'antivirus',
                  'value': '11',
                  'extracted_value': 11},
                 {'query': 'ad blocker',
                  'value': '5',
                  'extracted_value': 5},
                 {'query': 'password manager',
                  'value': '20',
                  'extracted_value': 20}]},
     {'date': 'Nov 25, 2025',
      'timestamp': '1764028800',
      'values': [{'query': 'vpn', 'value': '75', 'extracted_value': 75},
                 {'query': 'antivirus',
                  'value': '11',
                  'extracted_value': 11},
                 {'query': 'ad blocker',
                  'value': '5',
                  'extracted_value': 5},
                 {'query': 'password manager',
                  'value': '19',
                  'extracted_value': 19}]},
     {'date': 'Nov 26, 2025',
      'timestamp': '1764115200',
      'values': [{'query': 'vpn', 'value': '89', 'extracted_value': 89},
                 {'query': 'antivirus',
                  'value': '12',
                  'extracted_value': 12},
                 {'query': 'ad blocker',
                  'value': '5',
                  'extracted_value': 5},
                 {'query': 'password manager',
                  'value': '20',
                  'extracted_value': 20}]},
     {'date': 'Nov 27, 2025',
      'timestamp': '1764201600',
      'values': [{'query': 'vpn', 'value': '78', 'extracted_value': 78},
                 {'query': 'antivirus',
                  'value': '11',
                  'extracted_value': 11},
                 {'query': 'ad blocker',
                  'value': '6',
                  'extracted_value': 6},
                 {'query': 'password manager',
                  'value': '17',
                  'extracted_value': 17}]},
     {'date': 'Nov 28, 2025',
      'timestamp': '1764288000',
      'values': [{'query': 'vpn', 'value': '86', 'extracted_value': 86},
                 {'query': 'antivirus',
                  'value': '13',
                  'extracted_value': 13},
                 {'query': 'ad blocker',
                  'value': '6',
                  'extracted_value': 6},
                 {'query': 'password manager',
                  'value': '19',
                  'extracted_value': 19}]},
     {'date': 'Nov 29, 2025',
      'timestamp': '1764374400',
      'values': [{'query': 'vpn', 'value': '88', 'extracted_value': 88},
                 {'query': 'antivirus',
                  'value': '12',
                  'extracted_value': 12},
                 {'query': 'ad blocker',
                  'value': '6',
                  'extracted_value': 6},
                 {'query': 'password manager',
                  'value': '20',
                  'extracted_value': 20}]},
     {'date': 'Nov 30, 2025',
      'timestamp': '1764460800',
      'values': [{'query': 'vpn', 'value': '94', 'extracted_value': 94},
                 {'query': 'antivirus',
                  'value': '12',
                  'extracted_value': 12},
                 {'query': 'ad blocker',
                  'value': '6',
                  'extracted_value': 6},
                 {'query': 'password manager',
                  'value': '19',
                  'extracted_value': 19}]},
     {'date': 'Dec 1, 2025',
      'timestamp': '1764547200',
      'values': [{'query': 'vpn', 'value': '84', 'extracted_value': 84},
                 {'query': 'antivirus',
                  'value': '12',
                  'extracted_value': 12},
                 {'query': 'ad blocker',
                  'value': '5',
                  'extracted_value': 5},
                 {'query': 'password manager',
                  'value': '24',
                  'extracted_value': 24}]},
     {'date': 'Dec 2, 2025',
      'timestamp': '1764633600',
      'values': [{'query': 'vpn', 'value': '85', 'extracted_value': 85},
                 {'query': 'antivirus',
                  'value': '14',
                  'extracted_value': 14},
                 {'query': 'ad blocker',
                  'value': '6',
                  'extracted_value': 6},
                 {'query': 'password manager',
                  'value': '24',
                  'extracted_value': 24}]},
     {'date': 'Dec 3, 2025',
      'timestamp': '1764720000',
      'values': [{'query': 'vpn', 'value': '96', 'extracted_value': 96},
                 {'query': 'antivirus',
                  'value': '13',
                  'extracted_value': 13},
                 {'query': 'ad blocker',
                  'value': '5',
                  'extracted_value': 5},
                 {'query': 'password manager',
                  'value': '24',
                  'extracted_value': 24}]},
     {'date': 'Dec 4, 2025',
      'timestamp': '1764806400',
      'values': [{'query': 'vpn', 'value': '88', 'extracted_value': 88},
                 {'query': 'antivirus',
                  'value': '14',
                  'extracted_value': 14},
                 {'query': 'ad blocker',
                  'value': '6',
                  'extracted_value': 6},
                 {'query': 'password manager',
                  'value': '21',
                  'extracted_value': 21}]},
     {'date': 'Dec 5, 2025',
      'timestamp': '1764892800',
      'values': [{'query': 'vpn', 'value': '79', 'extracted_value': 79},
                 {'query': 'antivirus',
                  'value': '11',
                  'extracted_value': 11},
                 {'query': 'ad blocker',
                  'value': '5',
                  'extracted_value': 5},
                 {'query': 'password manager',
                  'value': '19',
                  'extracted_value': 19}]},
     {'date': 'Dec 6, 2025',
      'timestamp': '1764979200',
      'values': [{'query': 'vpn', 'value': '85', 'extracted_value': 85},
                 {'query': 'antivirus',
                  'value': '13',
                  'extracted_value': 13},
                 {'query': 'ad blocker',
                  'value': '6',
                  'extracted_value': 6},
                 {'query': 'password manager',
                  'value': '22',
                  'extracted_value': 22}]},
     {'date': 'Dec 7, 2025',
      'timestamp': '1765065600',
      'values': [{'query': 'vpn', 'value': '86', 'extracted_value': 86},
                 {'query': 'antivirus',
                  'value': '13',
                  'extracted_value': 13},
                 {'query': 'ad blocker',
                  'value': '7',
                  'extracted_value': 7},
                 {'query': 'password manager',
                  'value': '19',
                  'extracted_value': 19}]},
     {'date': 'Dec 8, 2025',
      'timestamp': '1765152000',
      'values': [{'query': 'vpn', 'value': '84', 'extracted_value': 84},
                 {'query': 'antivirus',
                  'value': '12',
                  'extracted_value': 12},
                 {'query': 'ad blocker',
                  'value': '6',
                  'extracted_value': 6},
                 {'query': 'password manager',
                  'value': '19',
                  'extracted_value': 19}]},
     {'date': 'Dec 9, 2025',
      'timestamp': '1765238400',
      'values': [{'query': 'vpn', 'value': '79', 'extracted_value': 79},
                 {'query': 'antivirus',
                  'value': '12',
                  'extracted_value': 12},
                 {'query': 'ad blocker',
                  'value': '6',
                  'extracted_value': 6},
                 {'query': 'password manager',
                  'value': '21',
                  'extracted_value': 21}]},
     {'date': 'Dec 10, 2025',
      'timestamp': '1765324800',
      'values': [{'query': 'vpn', 'value': '80', 'extracted_value': 80},
                 {'query': 'antivirus',
                  'value': '12',
                  'extracted_value': 12},
                 {'query': 'ad blocker',
                  'value': '6',
                  'extracted_value': 6},
                 {'query': 'password manager',
                  'value': '21',
                  'extracted_value': 21}]},
     {'date': 'Dec 11, 2025',
      'timestamp': '1765411200',
      'values': [{'query': 'vpn', 'value': '84', 'extracted_value': 84},
                 {'query': 'antivirus',
                  'value': '12',
                  'extracted_value': 12},
                 {'query': 'ad blocker',
                  'value': '6',
                  'extracted_value': 6},
                 {'query': 'password manager',
                  'value': '19',
                  'extracted_value': 19}]},
     {'date': 'Dec 12, 2025',
      'timestamp': '1765497600',
      'values': [{'query': 'vpn', 'value': '81', 'extracted_value': 81},
                 {'query': 'antivirus',
                  'value': '11',
                  'extracted_value': 11},
                 {'query': 'ad blocker',
                  'value': '6',
                  'extracted_value': 6},
                 {'query': 'password manager',
                  'value': '20',
                  'extracted_value': 20}]},
     {'date': 'Dec 13, 2025',
      'timestamp': '1765584000',
      'values': [{'query': 'vpn', 'value': '76', 'extracted_value': 76},
                 {'query': 'antivirus',
                  'value': '10',
                  'extracted_value': 10},
                 {'query': 'ad blocker',
                  'value': '6',
                  'extracted_value': 6},
                 {'query': 'password manager',
                  'value': '18',
                  'extracted_value': 18}]},
     {'date': 'Dec 14, 2025',
      'timestamp': '1765670400',
      'values': [{'query': 'vpn', 'value': '80', 'extracted_value': 80},
                 {'query': 'antivirus',
                  'value': '11',
                  'extracted_value': 11},
                 {'query': 'ad blocker',
                  'value': '7',
                  'extracted_value': 7},
                 {'query': 'password manager',
                  'value': '17',
                  'extracted_value': 17}]},
     {'date': 'Dec 15, 2025',
      'timestamp': '1765756800',
      'values': [{'query': 'vpn', 'value': '77', 'extracted_value': 77},
                 {'query': 'antivirus',
                  'value': '12',
                  'extracted_value': 12},
                 {'query': 'ad blocker',
                  'value': '6',
                  'extracted_value': 6},
                 {'query': 'password manager',
                  'value': '19',
                  'extracted_value': 19}]},
     {'date': 'Dec 16, 2025',
      'timestamp': '1765843200',
      'values': [{'query': 'vpn', 'value': '78', 'extracted_value': 78},
                 {'query': 'antivirus',
                  'value': '12',
                  'extracted_value': 12},
                 {'query': 'ad blocker',
                  'value': '5',
                  'extracted_value': 5},
                 {'query': 'password manager',
                  'value': '21',
                  'extracted_value': 21}]},
     {'date': 'Dec 17, 2025',
      'timestamp': '1765929600',
      'values': [{'query': 'vpn', 'value': '85', 'extracted_value': 85},
                 {'query': 'antivirus',
                  'value': '13',
                  'extracted_value': 13},
                 {'query': 'ad blocker',
                  'value': '6',
                  'extracted_value': 6},
                 {'query': 'password manager',
                  'value': '19',
                  'extracted_value': 19}]},
     {'date': 'Dec 18, 2025',
      'timestamp': '1766016000',
      'values': [{'query': 'vpn', 'value': '93', 'extracted_value': 93},
                 {'query': 'antivirus',
                  'value': '14',
                  'extracted_value': 14},
                 {'query': 'ad blocker',
                  'value': '6',
                  'extracted_value': 6},
                 {'query': 'password manager',
                  'value': '17',
                  'extracted_value': 17}]},
     {'date': 'Dec 19, 2025',
      'timestamp': '1766102400',
      'values': [{'query': 'vpn', 'value': '84', 'extracted_value': 84},
                 {'query': 'antivirus',
                  'value': '11',
                  'extracted_value': 11},
                 {'query': 'ad blocker',
                  'value': '6',
                  'extracted_value': 6},
                 {'query': 'password manager',
                  'value': '18',
                  'extracted_value': 18}]},
     {'date': 'Dec 20, 2025',
      'timestamp': '1766188800',
      'values': [{'query': 'vpn', 'value': '79', 'extracted_value': 79},
                 {'query': 'antivirus',
                  'value': '11',
                  'extracted_value': 11},
                 {'query': 'ad blocker',
                  'value': '6',
                  'extracted_value': 6},
                 {'query': 'password manager',
                  'value': '17',
                  'extracted_value': 17}]},
     {'date': 'Dec 21, 2025',
      'timestamp': '1766275200',
      'values': [{'query': 'vpn', 'value': '72', 'extracted_value': 72},
                 {'query': 'antivirus',
                  'value': '10',
                  'extracted_value': 10},
                 {'query': 'ad blocker',
                  'value': '6',
                  'extracted_value': 6},
                 {'query': 'password manager',
                  'value': '15',
                  'extracted_value': 15}]},
     {'date': 'Dec 22, 2025',
      'timestamp': '1766361600',
      'values': [{'query': 'vpn', 'value': '77', 'extracted_value': 77},
                 {'query': 'antivirus',
                  'value': '10',
                  'extracted_value': 10},
                 {'query': 'ad blocker',
                  'value': '6',
                  'extracted_value': 6},
                 {'query': 'password manager',
                  'value': '18',
                  'extracted_value': 18}]},
     {'date': 'Dec 23, 2025',
      'timestamp': '1766448000',
      'values': [{'query': 'vpn', 'value': '81', 'extracted_value': 81},
                 {'query': 'antivirus',
                  'value': '10',
                  'extracted_value': 10},
                 {'query': 'ad blocker',
                  'value': '5',
                  'extracted_value': 5},
                 {'query': 'password manager',
                  'value': '19',
                  'extracted_value': 19}]},
     {'date': 'Dec 24, 2025',
      'timestamp': '1766534400',
      'values': [{'query': 'vpn', 'value': '81', 'extracted_value': 81},
                 {'query': 'antivirus',
                  'value': '10',
                  'extracted_value': 10},
                 {'query': 'ad blocker',
                  'value': '6',
                  'extracted_value': 6},
                 {'query': 'password manager',
                  'value': '17',
                  'extracted_value': 17}]},
     {'date': 'Dec 25, 2025',
      'timestamp': '1766620800',
      'values': [{'query': 'vpn', 'value': '77', 'extracted_value': 77},
                 {'query': 'antivirus',
                  'value': '11',
                  'extracted_value': 11},
                 {'query': 'ad blocker',
                  'value': '5',
                  'extracted_value': 5},
                 {'query': 'password manager',
                  'value': '18',
                  'extracted_value': 18}]},
     {'date': 'Dec 26, 2025',
      'timestamp': '1766707200',
      'values': [{'query': 'vpn', 'value': '80', 'extracted_value': 80},
                 {'query': 'antivirus',
                  'value': '12',
                  'extracted_value': 12},
                 {'query': 'ad blocker',
                  'value': '6',
                  'extracted_value': 6},
                 {'query': 'password manager',
                  'value': '20',
                  'extracted_value': 20}]},
     {'date': 'Dec 27, 2025',
      'timestamp': '1766793600',
      'values': [{'query': 'vpn', 'value': '97', 'extracted_value': 97},
                 {'query': 'antivirus',
                  'value': '13',
                  'extracted_value': 13},
                 {'query': 'ad blocker',
                  'value': '6',
                  'extracted_value': 6},
                 {'query': 'password manager',
                  'value': '18',
                  'extracted_value': 18}]},
     {'date': 'Dec 28, 2025',
      'timestamp': '1766880000',
      'values': [{'query': 'vpn', 'value': '86', 'extracted_value': 86},
                 {'query': 'antivirus',
                  'value': '12',
                  'extracted_value': 12},
                 {'query': 'ad blocker',
                  'value': '7',
                  'extracted_value': 7},
                 {'query': 'password manager',
                  'value': '16',
                  'extracted_value': 16}]},
     {'date': 'Dec 29, 2025',
      'timestamp': '1766966400',
      'values': [{'query': 'vpn', 'value': '81', 'extracted_value': 81},
                 {'query': 'antivirus',
                  'value': '13',
                  'extracted_value': 13},
                 {'query': 'ad blocker',
                  'value': '6',
                  'extracted_value': 6},
                 {'query': 'password manager',
                  'value': '21',
                  'extracted_value': 21}]},
     {'date': 'Dec 30, 2025',
      'timestamp': '1767052800',
      'values': [{'query': 'vpn', 'value': '84', 'extracted_value': 84},
                 {'query': 'antivirus',
                  'value': '11',
                  'extracted_value': 11},
                 {'query': 'ad blocker',
                  'value': '5',
                  'extracted_value': 5},
                 {'query': 'password manager',
                  'value': '20',
                  'extracted_value': 20}]},
     {'date': 'Dec 31, 2025',
      'timestamp': '1767139200',
      'values': [{'query': 'vpn', 'value': '81', 'extracted_value': 81},
                 {'query': 'antivirus',
                  'value': '11',
                  'extracted_value': 11},
                 {'query': 'ad blocker',
                  'value': '5',
                  'extracted_value': 5},
                 {'query': 'password manager',
                  'value': '18',
                  'extracted_value': 18}]},
     {'date': 'Jan 1, 2026',
      'timestamp': '1767225600',
      'values': [{'query': 'vpn', 'value': '79', 'extracted_value': 79},
                 {'query': 'antivirus',
                  'value': '11',
                  'extracted_value': 11},
                 {'query': 'ad blocker',
                  'value': '5',
                  'extracted_value': 5},
                 {'query': 'password manager',
                  'value': '19',
                  'extracted_value': 19}]},
     {'date': 'Jan 2, 2026',
      'timestamp': '1767312000',
      'values': [{'query': 'vpn', 'value': '84', 'extracted_value': 84},
                 {'query': 'antivirus',
                  'value': '12',
                  'extracted_value': 12},
                 {'query': 'ad blocker',
                  'value': '6',
                  'extracted_value': 6},
                 {'query': 'password manager',
                  'value': '19',
                  'extracted_value': 19}]},
     {'date': 'Jan 3, 2026',
      'timestamp': '1767398400',
      'values': [{'query': 'vpn', 'value': '75', 'extracted_value': 75},
                 {'query': 'antivirus',
                  'value': '10',
                  'extracted_value': 10},
                 {'query': 'ad blocker',
                  'value': '6',
                  'extracted_value': 6},
                 {'query': 'password manager',
                  'value': '18',
                  'extracted_value': 18}]},
     {'date': 'Jan 4, 2026',
      'timestamp': '1767484800',
      'values': [{'query': 'vpn', 'value': '73', 'extracted_value': 73},
                 {'query': 'antivirus',
                  'value': '10',
                  'extracted_value': 10},
                 {'query': 'ad blocker',
                  'value': '6',
                  'extracted_value': 6},
                 {'query': 'password manager',
                  'value': '17',
                  'extracted_value': 17}]},
     {'date': 'Jan 5, 2026',
      'timestamp': '1767571200',
      'values': [{'query': 'vpn', 'value': '75', 'extracted_value': 75},
                 {'query': 'antivirus',
                  'value': '10',
                  'extracted_value': 10},
                 {'query': 'ad blocker',
                  'value': '5',
                  'extracted_value': 5},
                 {'query': 'password manager',
                  'value': '21',
                  'extracted_value': 21}]},
     {'date': 'Jan 6, 2026',
      'timestamp': '1767657600',
      'values': [{'query': 'vpn', 'value': '85', 'extracted_value': 85},
                 {'query': 'antivirus',
                  'value': '11',
                  'extracted_value': 11},
                 {'query': 'ad blocker',
                  'value': '5',
                  'extracted_value': 5},
                 {'query': 'password manager',
                  'value': '21',
                  'extracted_value': 21}]},
     {'date': 'Jan 7, 2026',
      'timestamp': '1767744000',
      'values': [{'query': 'vpn', 'value': '77', 'extracted_value': 77},
                 {'query': 'antivirus',
                  'value': '12',
                  'extracted_value': 12},
                 {'query': 'ad blocker',
                  'value': '5',
                  'extracted_value': 5},
                 {'query': 'password manager',
                  'value': '20',
                  'extracted_value': 20}]},
     {'date': 'Jan 8, 2026',
      'timestamp': '1767830400',
      'values': [{'query': 'vpn', 'value': '83', 'extracted_value': 83},
                 {'query': 'antivirus',
                  'value': '11',
                  'extracted_value': 11},
                 {'query': 'ad blocker',
                  'value': '5',
                  'extracted_value': 5},
                 {'query': 'password manager',
                  'value': '20',
                  'extracted_value': 20}]},
     {'date': 'Jan 9, 2026',
      'timestamp': '1767916800',
      'values': [{'query': 'vpn', 'value': '85', 'extracted_value': 85},
                 {'query': 'antivirus',
                  'value': '11',
                  'extracted_value': 11},
                 {'query': 'ad blocker',
                  'value': '5',
                  'extracted_value': 5},
                 {'query': 'password manager',
                  'value': '20',
                  'extracted_value': 20}]},
     {'date': 'Jan 10, 2026',
      'timestamp': '1768003200',
      'values': [{'query': 'vpn', 'value': '81', 'extracted_value': 81},
                 {'query': 'antivirus',
                  'value': '11',
                  'extracted_value': 11},
                 {'query': 'ad blocker',
                  'value': '6',
                  'extracted_value': 6},
                 {'query': 'password manager',
                  'value': '20',
                  'extracted_value': 20}]},
     {'date': 'Jan 11, 2026',
      'timestamp': '1768089600',
      'values': [{'query': 'vpn', 'value': '81', 'extracted_value': 81},
                 {'query': 'antivirus',
                  'value': '11',
                  'extracted_value': 11},
                 {'query': 'ad blocker',
                  'value': '5',
                  'extracted_value': 5},
                 {'query': 'password manager',
                  'value': '19',
                  'extracted_value': 19}]},
     {'date': 'Jan 12, 2026',
      'timestamp': '1768176000',
      'values': [{'query': 'vpn', 'value': '82', 'extracted_value': 82},
                 {'query': 'antivirus',
                  'value': '12',
                  'extracted_value': 12},
                 {'query': 'ad blocker',
                  'value': '5',
                  'extracted_value': 5},
                 {'query': 'password manager',
                  'value': '21',
                  'extracted_value': 21}]},
     {'date': 'Jan 13, 2026',
      'timestamp': '1768262400',
      'values': [{'query': 'vpn', 'value': '86', 'extracted_value': 86},
                 {'query': 'antivirus',
                  'value': '12',
                  'extracted_value': 12},
                 {'query': 'ad blocker',
                  'value': '5',
                  'extracted_value': 5},
                 {'query': 'password manager',
                  'value': '23',
                  'extracted_value': 23}]},
     {'date': 'Jan 14, 2026',
      'timestamp': '1768348800',
      'values': [{'query': 'vpn', 'value': '100', 'extracted_value': 100},
                 {'query': 'antivirus',
                  'value': '14',
                  'extracted_value': 14},
                 {'query': 'ad blocker',
                  'value': '5',
                  'extracted_value': 5},
                 {'query': 'password manager',
                  'value': '23',
                  'extracted_value': 23}]},
     {'date': 'Jan 15, 2026',
      'timestamp': '1768435200',
      'values': [{'query': 'vpn', 'value': '98', 'extracted_value': 98},
                 {'query': 'antivirus',
                  'value': '13',
                  'extracted_value': 13},
                 {'query': 'ad blocker',
                  'value': '5',
                  'extracted_value': 5},
                 {'query': 'password manager',
                  'value': '23',
                  'extracted_value': 23}]},
     {'date': 'Jan 16, 2026',
      'timestamp': '1768521600',
      'values': [{'query': 'vpn', 'value': '72', 'extracted_value': 72},
                 {'query': 'antivirus',
                  'value': '10',
                  'extracted_value': 10},
                 {'query': 'ad blocker',
                  'value': '5',
                  'extracted_value': 5},
                 {'query': 'password manager',
                  'value': '19',
                  'extracted_value': 19}]},
     {'date': 'Jan 17, 2026',
      'timestamp': '1768608000',
      'partial_data': True,
      'values': [{'query': 'vpn', 'value': '77', 'extracted_value': 77},
                 {'query': 'antivirus',
                  'value': '10',
                  'extracted_value': 10},
                 {'query': 'ad blocker',
                  'value': '7',
                  'extracted_value': 7},
                 {'query': 'password manager',
                  'value': '16',
                  'extracted_value': 16}]}]
[2026-01-18 16:58:31,431] INFO [project_files.functions:320] STARTED:c:\Users\sersn\Documents\GitHub\google_trends_to_postgres\STG\STG_GOOGLE_TRENDS\sql\end_job_run_error.sql
[2026-01-18 16:58:31,433] INFO [project_files.functions:324] COMPLETED:c:\Users\sersn\Documents\GitHub\google_trends_to_postgres\STG\STG_GOOGLE_TRENDS\sql\end_job_run_error.sql
