[2026-01-18 16:32:22,667] INFO [project_files.functions:457] STARTED:c:\Users\sersn\Documents\GitHub\google_trends_to_postgres\STG\STG_GOOGLE_TRENDS\STG_GOOGLE_TRENDS.py
[2026-01-18 16:32:22,699] INFO [project_files.functions:320] STARTED:c:\Users\sersn\Documents\GitHub\google_trends_to_postgres\STG\STG_GOOGLE_TRENDS\sql\start_job_run.sql
[2026-01-18 16:32:22,700] INFO [project_files.functions:324] COMPLETED:c:\Users\sersn\Documents\GitHub\google_trends_to_postgres\STG\STG_GOOGLE_TRENDS\sql\start_job_run.sql
[2026-01-18 16:32:22,700] INFO [project_files.functions:457] STARTED:c:\Users\sersn\Documents\GitHub\google_trends_to_postgres\STG\STG_GOOGLE_TRENDS\google_trends_functions.py
[2026-01-18 16:32:22,701] INFO [google_trends_functions:117] STARTED parse_downloaded_files function
[2026-01-18 16:32:22,701] INFO [google_trends_functions:134] files matching search pattern: ['C:\\Users\\sersn\\Documents\\GitHub\\google_trends_to_postgres\\files\\downloaded_files\\google_trends\\google_trends_20260117102117.json']
[2026-01-18 16:32:22,713] INFO [google_trends_functions:139] PARSING FILE: C:\Users\sersn\Documents\GitHub\google_trends_to_postgres\files\downloaded_files\google_trends\google_trends_20260117102117.json
[2026-01-18 16:32:22,906] INFO [project_files.functions:474] TRUNCATING TABLE google_trends_temp.trends_search_temp
[2026-01-18 16:32:22,973] INFO [project_files.functions:421] Loaded 181 rows into google_trends_temp.trends_search_temp
[2026-01-18 16:32:22,973] INFO [project_files.functions:474] TRUNCATING TABLE google_trends_temp.trends_search__values_temp
[2026-01-18 16:32:23,048] INFO [project_files.functions:421] Loaded 724 rows into google_trends_temp.trends_search__values_temp
[2026-01-18 16:32:23,077] INFO [project_files.functions:351] VERIFICATION PASSED
[2026-01-18 16:32:23,107] INFO [project_files.functions:351] VERIFICATION PASSED
[2026-01-18 16:32:23,135] INFO [project_files.functions:320] STARTED:c:\Users\sersn\Documents\GitHub\google_trends_to_postgres\STG\STG_GOOGLE_TRENDS\sql\trends_search_insert_to_main.sql
[2026-01-18 16:32:23,139] INFO [project_files.functions:324] COMPLETED:c:\Users\sersn\Documents\GitHub\google_trends_to_postgres\STG\STG_GOOGLE_TRENDS\sql\trends_search_insert_to_main.sql
[2026-01-18 16:32:23,167] INFO [project_files.functions:320] STARTED:c:\Users\sersn\Documents\GitHub\google_trends_to_postgres\STG\STG_GOOGLE_TRENDS\sql\trends_search__values_insert_to_main.sql
[2026-01-18 16:32:23,171] INFO [project_files.functions:324] COMPLETED:c:\Users\sersn\Documents\GitHub\google_trends_to_postgres\STG\STG_GOOGLE_TRENDS\sql\trends_search__values_insert_to_main.sql
[2026-01-18 16:32:23,198] INFO [project_files.functions:320] STARTED:c:\Users\sersn\Documents\GitHub\google_trends_to_postgres\STG\STG_GOOGLE_TRENDS\sql\end_job_run.sql
[2026-01-18 16:32:23,199] INFO [project_files.functions:324] COMPLETED:c:\Users\sersn\Documents\GitHub\google_trends_to_postgres\STG\STG_GOOGLE_TRENDS\sql\end_job_run.sql
[2026-01-18 16:32:23,229] INFO [project_files.functions:320] STARTED:c:\Users\sersn\Documents\GitHub\google_trends_to_postgres\STG\STG_GOOGLE_TRENDS\sql\end_job_run_error.sql
[2026-01-18 16:32:23,231] INFO [project_files.functions:324] COMPLETED:c:\Users\sersn\Documents\GitHub\google_trends_to_postgres\STG\STG_GOOGLE_TRENDS\sql\end_job_run_error.sql
[2026-01-18 16:32:23,231] ERROR [__main__:87] JOB FAILED
