[2026-01-18 16:12:17,255] INFO [project_files.functions:458] STARTED:/opt/airflow/project/STG/STG_GOOGLE_TRENDS/STG_GOOGLE_TRENDS.py
[2026-01-18 16:12:17,282] INFO [project_files.functions:320] STARTED:/opt/airflow/project/STG/STG_GOOGLE_TRENDS/sql/start_job_run.sql
[2026-01-18 16:12:17,285] INFO [project_files.functions:324] COMPLETED:/opt/airflow/project/STG/STG_GOOGLE_TRENDS/sql/start_job_run.sql
[2026-01-18 16:12:17,285] INFO [google_trends_functions:117] STARTED parse_downloaded_files function
[2026-01-18 16:12:17,290] INFO [google_trends_functions:139] Files matching search pattern: ['/opt/airflow/project/files/downloaded_files/google_trends/google_trends_20260117102117.json']
[2026-01-18 16:12:17,317] INFO [google_trends_functions:151] PARSING FILE: /opt/airflow/project/files/downloaded_files/google_trends/google_trends_20260117102117.json
[2026-01-18 16:12:17,490] INFO [google_trends_functions:158] COMPLETED parse_downloaded_files function
[2026-01-18 16:12:17,490] INFO [project_files.functions:475] TRUNCATING TABLE google_trends_temp.trends_search_temp
[2026-01-18 16:12:17,947] INFO [project_files.functions:422] Loaded 181 rows into google_trends_temp.trends_search_temp
[2026-01-18 16:12:17,948] INFO [project_files.functions:475] TRUNCATING TABLE google_trends_temp.trends_search__values_temp
[2026-01-18 16:12:18,032] INFO [project_files.functions:422] Loaded 724 rows into google_trends_temp.trends_search__values_temp
[2026-01-18 16:12:18,063] INFO [project_files.functions:352] /opt/airflow/project/STG/STG_GOOGLE_TRENDS/sql/validation_trends_search_temp.sql VERIFICATION PASSED
[2026-01-18 16:12:18,093] INFO [project_files.functions:352] /opt/airflow/project/STG/STG_GOOGLE_TRENDS/sql/validation_trends_search__values_temp.sql VERIFICATION PASSED
[2026-01-18 16:12:18,119] INFO [project_files.functions:320] STARTED:/opt/airflow/project/STG/STG_GOOGLE_TRENDS/sql/trends_search_insert_to_main.sql
[2026-01-18 16:12:18,124] INFO [project_files.functions:324] COMPLETED:/opt/airflow/project/STG/STG_GOOGLE_TRENDS/sql/trends_search_insert_to_main.sql
[2026-01-18 16:12:18,149] INFO [project_files.functions:320] STARTED:/opt/airflow/project/STG/STG_GOOGLE_TRENDS/sql/trends_search__values_insert_to_main.sql
[2026-01-18 16:12:18,156] INFO [project_files.functions:324] COMPLETED:/opt/airflow/project/STG/STG_GOOGLE_TRENDS/sql/trends_search__values_insert_to_main.sql
[2026-01-18 16:12:18,156] INFO [__main__:78] JOB_RUN_ID,19
[2026-01-18 16:12:18,182] INFO [project_files.functions:320] STARTED:/opt/airflow/project/STG/STG_GOOGLE_TRENDS/sql/end_job_run.sql
[2026-01-18 16:12:18,185] INFO [project_files.functions:324] COMPLETED:/opt/airflow/project/STG/STG_GOOGLE_TRENDS/sql/end_job_run.sql
[2026-01-18 16:12:18,185] INFO [root:461] JOB COMPLETED
