[2026-01-18 16:13:35,222] INFO [project_files.functions:458] STARTED:/opt/airflow/project/STG/STG_GOOGLE_TRENDS/STG_GOOGLE_TRENDS.py
[2026-01-18 16:13:35,248] INFO [project_files.functions:320] STARTED:/opt/airflow/project/STG/STG_GOOGLE_TRENDS/sql/start_job_run.sql
[2026-01-18 16:13:35,250] INFO [project_files.functions:324] COMPLETED:/opt/airflow/project/STG/STG_GOOGLE_TRENDS/sql/start_job_run.sql
[2026-01-18 16:13:35,250] INFO [google_trends_functions:117] STARTED parse_downloaded_files function
[2026-01-18 16:13:35,255] INFO [google_trends_functions:139] Files matching search pattern: ['/opt/airflow/project/files/downloaded_files/google_trends/google_trends_20260117102117.json']
[2026-01-18 16:13:35,282] INFO [google_trends_functions:151] PARSING FILE: /opt/airflow/project/files/downloaded_files/google_trends/google_trends_20260117102117.json
[2026-01-18 16:13:35,448] INFO [google_trends_functions:158] COMPLETED parse_downloaded_files function
[2026-01-18 16:13:35,448] INFO [project_files.functions:475] TRUNCATING TABLE google_trends_temp.trends_search_temp
[2026-01-18 16:13:35,911] INFO [project_files.functions:422] Loaded 181 rows into google_trends_temp.trends_search_temp
[2026-01-18 16:13:35,952] INFO [project_files.functions:422] Loaded 181 rows into google_trends_temp.trends_search_temp
[2026-01-18 16:13:35,953] INFO [project_files.functions:475] TRUNCATING TABLE google_trends_temp.trends_search__values_temp
[2026-01-18 16:13:36,037] INFO [project_files.functions:422] Loaded 724 rows into google_trends_temp.trends_search__values_temp
[2026-01-18 16:13:36,081] INFO [project_files.functions:422] Loaded 724 rows into google_trends_temp.trends_search__values_temp
[2026-01-18 16:13:36,109] ERROR [project_files.functions:349] 
            /opt/airflow/project/STG/STG_GOOGLE_TRENDS/sql/validation_trends_search_temp.sql VERIFICATION FAILED
            

            with 
	table_date_range as 
		(select 
			min(date::date) as first_entry
			,max(date::date) as last_entry
		from google_trends_temp.trends_search_temp
		)
	,date_list as
		(select 
			dd.full_date 
		from dwh_dimensions.dim_date as dd
		inner join table_date_range as tt on 1=1  
		where 
			dd.full_date >= tt.first_entry 
			and dd.full_date < tt.last_entry
		)
	,duplicate_validation as (
		select 
			google_trends_id 
			,count(1) as "n"
			,count(1)-1 as duplicate_count
		from google_trends_temp.trends_search_temp
		group by 1 
		having count(1) > 1
	) 
select 
	'DATE_VERIFICATION' as verification
	,count(1) as affected_entries
from date_list dl 
left join google_trends_temp.trends_search_temp t1 on t1.date::date = dl.full_date 
where 
	t1.date is null 
group by 1 
having 
	count(1) > 0
UNION ALL 
select 
	'DUPLICATES_FOUND' as verification 
	,coalesce(
		sum(duplicate_count)
		,0
	) as affected_entries
from duplicate_validation t
group by 1
having 
	coalesce(
		sum(duplicate_count)
		,0
	) > 0

;
        
[2026-01-18 16:13:36,136] INFO [project_files.functions:320] STARTED:/opt/airflow/project/STG/STG_GOOGLE_TRENDS/sql/end_job_run_error.sql
[2026-01-18 16:13:36,139] INFO [project_files.functions:324] COMPLETED:/opt/airflow/project/STG/STG_GOOGLE_TRENDS/sql/end_job_run_error.sql
