[2026-01-18 16:51:51,265] INFO [project_files.functions:458] STARTED:c:\Users\sersn\Documents\GitHub\google_trends_to_postgres\STG\STG_GOOGLE_TRENDS\STG_GOOGLE_TRENDS.py
[2026-01-18 16:51:51,295] INFO [project_files.functions:320] STARTED:c:\Users\sersn\Documents\GitHub\google_trends_to_postgres\STG\STG_GOOGLE_TRENDS\sql\start_job_run.sql
[2026-01-18 16:51:51,297] INFO [project_files.functions:324] COMPLETED:c:\Users\sersn\Documents\GitHub\google_trends_to_postgres\STG\STG_GOOGLE_TRENDS\sql\start_job_run.sql
[2026-01-18 16:51:51,297] INFO [google_trends_functions:117] STARTED parse_downloaded_files function
[2026-01-18 16:51:51,298] INFO [google_trends_functions:134] files matching search pattern: ['C:\\Users\\sersn\\Documents\\GitHub\\google_trends_to_postgres\\files\\downloaded_files\\google_trends\\google_trends_20260117102117.json']
[2026-01-18 16:51:51,305] ERROR [google_trends_functions:147] 
                    JOB_NAME: STG_GOOGLE_TRENDS
                    DATA_SOURCE: GOOGLE 
                    
                    ERROR: parsing_functions.validate_json_schema function FAILED
                    ----------------------------------------------------
                    job can be found here: c:\Users\sersn\Documents\GitHub\google_trends_to_postgres\STG\STG_GOOGLE_TRENDS
                
[2026-01-18 16:51:51,305] ERROR [google_trends_functions:179] 
                    JOB_NAME: STG_GOOGLE_TRENDS
                    DATA_SOURCE: GOOGLE 
                    
                    parse_downloaded_files function failed
                    ERROR: 
                    JOB_NAME: STG_GOOGLE_TRENDS
                    DATA_SOURCE: GOOGLE 
                    
                    ERROR: parsing_functions.validate_json_schema function FAILED
                    ----------------------------------------------------
                    job can be found here: c:\Users\sersn\Documents\GitHub\google_trends_to_postgres\STG\STG_GOOGLE_TRENDS
                
                    ----------------------------------------------------
                    job can be found here: c:\Users\sersn\Documents\GitHub\google_trends_to_postgres\STG\STG_GOOGLE_TRENDS
                
[2026-01-18 16:51:51,329] INFO [project_files.functions:320] STARTED:c:\Users\sersn\Documents\GitHub\google_trends_to_postgres\STG\STG_GOOGLE_TRENDS\sql\end_job_run_error.sql
[2026-01-18 16:51:51,331] INFO [project_files.functions:324] COMPLETED:c:\Users\sersn\Documents\GitHub\google_trends_to_postgres\STG\STG_GOOGLE_TRENDS\sql\end_job_run_error.sql
