[2026-01-18 16:19:42,880] INFO [project_files.functions:457] STARTED:c:\Users\sersn\Documents\GitHub\google_trends_to_postgres\STG\STG_GOOGLE_TRENDS\STG_GOOGLE_TRENDS.py
[2026-01-18 16:19:42,911] INFO [project_files.functions:320] STARTED:c:\Users\sersn\Documents\GitHub\google_trends_to_postgres\STG\STG_GOOGLE_TRENDS\sql\start_job_run.sql
[2026-01-18 16:19:42,912] INFO [project_files.functions:324] COMPLETED:c:\Users\sersn\Documents\GitHub\google_trends_to_postgres\STG\STG_GOOGLE_TRENDS\sql\start_job_run.sql
[2026-01-18 16:19:42,913] INFO [project_files.functions:457] STARTED:c:\Users\sersn\Documents\GitHub\google_trends_to_postgres\STG\STG_GOOGLE_TRENDS\google_trends_functions.py
[2026-01-18 16:19:42,913] INFO [google_trends_functions:117] STARTED parse_downloaded_files function
[2026-01-18 16:19:42,914] INFO [google_trends_functions:134] files matching search pattern: ['C:\\Users\\sersn\\Documents\\GitHub\\google_trends_to_postgres\\files\\downloaded_files\\google_trends\\google_trends_20260117102117.json']
[2026-01-18 16:19:42,925] INFO [google_trends_functions:139] PARSING FILE: C:\Users\sersn\Documents\GitHub\google_trends_to_postgres\files\downloaded_files\google_trends\google_trends_20260117102117.json
[2026-01-18 16:19:43,124] INFO [project_files.functions:474] TRUNCATING TABLE google_trends_temp.trends_search_temp
[2026-01-18 16:19:43,192] INFO [project_files.functions:421] Loaded 181 rows into google_trends_temp.trends_search_temp
[2026-01-18 16:19:43,192] INFO [project_files.functions:474] TRUNCATING TABLE google_trends_temp.trends_search__values_temp
[2026-01-18 16:19:43,262] INFO [project_files.functions:421] Loaded 724 rows into google_trends_temp.trends_search__values_temp
[2026-01-18 16:19:43,390] INFO [project_files.functions:351] VERIFICATION PASSED
[2026-01-18 16:19:43,427] ERROR [project_files.functions:348] 
            VERIFICATION FAILED

            with 
	duplicate_validation as (
		select 
			google_trends__values_id 
			,count(1) as "n"
			,count(1)-1 as duplicate_count
		from google_trends_temp.trends_search__values_temp
		group by 1 
		having count(1) > 1
	) 
	,expected_number_of_queries_per_day as (
		select 
			count(distinct query) as expected_number_of_queries
		from google_trends_temp.trends_search__values_temp 
	)
	,expected_entries_qa as (
		/*
		 its reasonable that number of entries for such validation may change over time
		 for such validation to work, would need to make it incremental 
		 and e.g pass timestamp from which to do specific QA 
		 
		 */
		select 
			t.google_trends_id  
			,tt.expected_number_of_queries
			,count(1) as affected_entries
		from google_trends_temp.trends_search__values_temp t 
		inner join expected_number_of_queries_per_day tt on 1=1 
		group by 1,2
		having count(1) <> tt.expected_number_of_queries
	)
select 
	'ACCEPTED_VALUES_VALIDATION' as verification
	,count(1) as affected_entries
from google_trends_temp.trends_search__values_temp t 
where 
    /*
    THIS NEEDS TO BE PASSED AS A VARIABLE FROM CONFIGURATION
    meaning t.query values
    */
	t.query not in( 
		'vpn'
		,'antivirus'
		,'ad blocker'
		,'password manager'
	)
group by 1 
having 
	count(1) > 0
union all 
select 
	'DUPLICATES_FOUND' as verification 
	,coalesce(
		sum(duplicate_count)
		,0
	) as affected_entries
from duplicate_validation t
group by 1
having 
	coalesce(
		sum(duplicate_count)
		,0
	) > 0
UNION ALL
select 
	'EXPECTED_NUMBER_OF_ENTRIES_PER_DAY' as verification 
	,coalesce(
		sum(affected_entries)
		,0
	) as affected_entries
from expected_entries_qa t
group by 1
having 
	coalesce(
		sum(affected_entries)
		,0
	) > 0 
;
        
[2026-01-18 16:19:43,429] ERROR [__main__:85] JOB FAILED
