[2026-01-18 16:45:19,499] INFO [project_files.functions:458] STARTED:c:\Users\sersn\Documents\GitHub\google_trends_to_postgres\STG\STG_GOOGLE_TRENDS\STG_GOOGLE_TRENDS.py
[2026-01-18 16:45:19,522] INFO [project_files.functions:320] STARTED:c:\Users\sersn\Documents\GitHub\google_trends_to_postgres\STG\STG_GOOGLE_TRENDS\sql\start_job_run.sql
[2026-01-18 16:45:19,524] INFO [project_files.functions:324] COMPLETED:c:\Users\sersn\Documents\GitHub\google_trends_to_postgres\STG\STG_GOOGLE_TRENDS\sql\start_job_run.sql
[2026-01-18 16:45:19,525] INFO [google_trends_functions:117] STARTED parse_downloaded_files function
[2026-01-18 16:45:19,525] INFO [google_trends_functions:134] files matching search pattern: ['C:\\Users\\sersn\\Documents\\GitHub\\google_trends_to_postgres\\files\\downloaded_files\\google_trends\\google_trends_20260117102117.json']
[2026-01-18 16:45:19,537] INFO [google_trends_functions:139] PARSING FILE: C:\Users\sersn\Documents\GitHub\google_trends_to_postgres\files\downloaded_files\google_trends\google_trends_20260117102117.json
[2026-01-18 16:45:19,734] INFO [project_files.functions:475] TRUNCATING TABLE google_trends_temp.trends_search_temp
[2026-01-18 16:45:19,795] INFO [project_files.functions:422] Loaded 181 rows into google_trends_temp.trends_search_temp
[2026-01-18 16:45:19,795] INFO [project_files.functions:475] TRUNCATING TABLE google_trends_temp.trends_search__values_temp
[2026-01-18 16:45:19,858] INFO [project_files.functions:422] Loaded 724 rows into google_trends_temp.trends_search__values_temp
[2026-01-18 16:45:19,884] INFO [project_files.functions:352] c:\Users\sersn\Documents\GitHub\google_trends_to_postgres\STG\STG_GOOGLE_TRENDS\sql\validation_trends_search_temp.sql VERIFICATION PASSED
[2026-01-18 16:45:19,915] INFO [project_files.functions:352] c:\Users\sersn\Documents\GitHub\google_trends_to_postgres\STG\STG_GOOGLE_TRENDS\sql\validation_trends_search__values_temp.sql VERIFICATION PASSED
[2026-01-18 16:45:19,944] INFO [project_files.functions:320] STARTED:c:\Users\sersn\Documents\GitHub\google_trends_to_postgres\STG\STG_GOOGLE_TRENDS\sql\trends_search_insert_to_main.sql
[2026-01-18 16:45:19,949] INFO [project_files.functions:324] COMPLETED:c:\Users\sersn\Documents\GitHub\google_trends_to_postgres\STG\STG_GOOGLE_TRENDS\sql\trends_search_insert_to_main.sql
[2026-01-18 16:45:19,975] INFO [project_files.functions:320] STARTED:c:\Users\sersn\Documents\GitHub\google_trends_to_postgres\STG\STG_GOOGLE_TRENDS\sql\trends_search__values_insert_to_main.sql
[2026-01-18 16:45:19,983] INFO [project_files.functions:324] COMPLETED:c:\Users\sersn\Documents\GitHub\google_trends_to_postgres\STG\STG_GOOGLE_TRENDS\sql\trends_search__values_insert_to_main.sql
[2026-01-18 16:45:19,983] INFO [__main__:74] JOB_RUN_ID,2
[2026-01-18 16:45:20,006] INFO [project_files.functions:320] STARTED:c:\Users\sersn\Documents\GitHub\google_trends_to_postgres\STG\STG_GOOGLE_TRENDS\sql\end_job_run.sql
[2026-01-18 16:45:20,007] INFO [project_files.functions:324] COMPLETED:c:\Users\sersn\Documents\GitHub\google_trends_to_postgres\STG\STG_GOOGLE_TRENDS\sql\end_job_run.sql
[2026-01-18 16:45:20,007] INFO [root:461] JOB COMPLETED
